1754480290154	geckodriver	INFO	Listening on 0.0.0.0:61503
1754480290176	mozrunner::runner	INFO	Running command: "C:\\Program Files\\Mozilla Firefox\\firefox.exe" "--marionette" "--width=1920" "--height=1080" "--remote-de ... 0" "--remote-allow-hosts" "localhost" "-no-remote" "-profile" "C:\\Users\\allal\\AppData\\Local\\Temp\\rust_mozprofileV36RUd"
console.warn: services.settings: Ignoring preference override of remote settings server
console.warn: services.settings: Allow by setting MOZ_REMOTE_SETTINGS_DEVTOOLS=1 in the environment
Dynamically enable window occlusion 0
1754480290490	Marionette	INFO	Marionette enabled
console.error: "Warning: unrecognized command line flag" "-width"
console.error: "Warning: unrecognized command line flag" "-height"
1754480290653	Marionette	INFO	Listening on port 61508
WebDriver BiDi listening on ws://127.0.0.1:61509
Read port: 61508
1754480292576	RemoteAgent	INFO	Perform WebSocket upgrade for incoming connection from 127.0.0.1:61517
1754480292647	Marionette	INFO	Stopped listening on port 61508
Dynamically enable window occlusion 1
console.error: services.settings: 
  main/third-party-cookie-blocking-exempt-urls: Signature of bundled changeset is invalid: [Exception... "<no message>"  nsresult: "0x8046001e (<unknown>)"  location: "JS frame :: resource://gre/modules/ServiceRequest.sys.mjs :: open :: line 126"  data: no].
console.error: services.settings: 
  main/query-stripping: Signature of bundled changeset is invalid: [Exception... "<no message>"  nsresult: "0x8046001e (<unknown>)"  location: "JS frame :: resource://gre/modules/ServiceRequest.sys.mjs :: open :: line 126"  data: no].
console.error: services.settings: 
  main/doh-providers: Signature of bundled changeset is invalid: [Exception... "<no message>"  nsresult: "0x8046001e (<unknown>)"  location: "JS frame :: resource://gre/modules/ServiceRequest.sys.mjs :: open :: line 126"  data: no].
console.error: services.settings: 
Object
  - prototype Object
    - columnNumber = 0
    - data = null
    - filename = resource://gre/modules/ServiceRequest.sys.mjs
    - lineNumber = 126
    - location = {"name":"open","filename":"resource://gre/modules/ServiceRequest.sys.mjs","sourceId":32,"lineNumber":126,"columnNumber":11,"asyncCause":null,"asyncCaller":null,"caller":{"filename":"resource://services-settings/Utils.sys.mjs","name":"fetch/<","sourceId":31,"lineNumber":268,"columnNumber":15,"asyncCause":null,"asyncCaller":null,"caller":{"filename":"resource://services-settings/Utils.sys.mjs","name":"fetch","sourceId":31,"lineNumber":219,"columnNumber":12,"asyncCause":null,"asyncCaller":null,"caller":{"filename":"resource://services-settings/Utils.sys.mjs","name":"fetchLatestChanges","sourceId":31,"lineNumber":429,"columnNumber":34,"asyncCause":null,"asyncCaller":null,"caller":{"filename":"resource://services-settings/RemoteSettingsClient.sys.mjs","name":"sync","sourceId":29,"lineNumber":657,"columnNumber":42,"asyncCause":null,"asyncCaller":null,"caller":{"filename":"resource://services-settings/RemoteSettingsClient.sys.mjs","name":"get/this._importingPromise<","sourceId":29,"lineNumber":499,"columnNumber":28,"asyncCause":null,"asyncCaller":null,"caller":null,"formattedStack":"get/this._importingPromise<@resource://services-settings/RemoteSettingsClient.sys.mjs:499:28\n","nativeSavedFrame":{}},"formattedStack":"sync@resource://services-settings/RemoteSettingsClient.sys.mjs:657:42\nget/this._importingPromise<@resource://services-settings/RemoteSettingsClient.sys.mjs:499:28\n","nativeSavedFrame":{}},"formattedStack":"fetchLatestChanges@resource://services-settings/Utils.sys.mjs:429:34\nsync@resource://services-settings/RemoteSettingsClient.sys.mjs:657:42\nget/this._importingPromise<@resource://services-settings/RemoteSettingsClient.sys.mjs:499:28\n","nativeSavedFrame":{}},"formattedStack":"fetch@resource://services-settings/Utils.sys.mjs:219:12\nfetchLatestChanges@resource://services-settings/Utils.sys.mjs:429:34\nsync@resource://services-settings/RemoteSettingsClient.sys.mjs:657:42\nget/this._importingPromise<@resource://services-settings/RemoteSettingsClient.sys.mjs:499:28\n","nativeSavedFrame":{}},"formattedStack":"fetch/<@resource://services-settings/Utils.sys.mjs:268:15\nfetch@resource://services-settings/Utils.sys.mjs:219:12\nfetchLatestChanges@resource://services-settings/Utils.sys.mjs:429:34\nsync@resource://services-settings/RemoteSettingsClient.sys.mjs:657:42\nget/this._importingPromise<@resource://services-settings/RemoteSettingsClient.sys.mjs:499:28\n","nativeSavedFrame":{}},"formattedStack":"open@resource://gre/modules/ServiceRequest.sys.mjs:126:11\nfetch/<@resource://services-settings/Utils.sys.mjs:268:15\nfetch@resource://services-settings/Utils.sys.mjs:219:12\nfetchLatestChanges@resource://services-settings/Utils.sys.mjs:429:34\nsync@resource://services-settings/RemoteSettingsClient.sys.mjs:657:42\nget/this._importingPromise<@resource://services-settings/RemoteSettingsClient.sys.mjs:499:28\n","nativeSavedFrame":{}}
    - message = 
    - name = 
    - result = 2152071198
    - stack = open@resource://gre/modules/ServiceRequest.sys.mjs:126:11|fetch/<@resource://services-settings/Utils.sys.mjs:268:15|fetch@resource://services-settings/Utils.sys.mjs:219:12|fetchLatestChanges@resource://services-settings/Utils.sys.mjs:429:34|sync@resource://services-settings/RemoteSettingsClient.sys.mjs:657:42|get/this._importingPromise<@resource://services-settings/RemoteSettingsClient.sys.mjs:499:28|
  - prototype Object
console.error: services.settings: 
Object
  - prototype Object
    - columnNumber = 0
    - data = null
    - filename = resource://gre/modules/ServiceRequest.sys.mjs
    - lineNumber = 126
    - location = {"name":"open","filename":"resource://gre/modules/ServiceRequest.sys.mjs","sourceId":32,"lineNumber":126,"columnNumber":11,"asyncCause":null,"asyncCaller":null,"caller":{"filename":"resource://services-settings/Utils.sys.mjs","name":"fetch/<","sourceId":31,"lineNumber":268,"columnNumber":15,"asyncCause":null,"asyncCaller":null,"caller":{"filename":"resource://services-settings/Utils.sys.mjs","name":"fetch","sourceId":31,"lineNumber":219,"columnNumber":12,"asyncCause":null,"asyncCaller":null,"caller":{"filename":"resource://services-settings/Utils.sys.mjs","name":"fetchLatestChanges","sourceId":31,"lineNumber":429,"columnNumber":34,"asyncCause":null,"asyncCaller":null,"caller":{"filename":"resource://services-settings/RemoteSettingsClient.sys.mjs","name":"sync","sourceId":29,"lineNumber":657,"columnNumber":42,"asyncCause":null,"asyncCaller":null,"caller":{"filename":"resource://services-settings/RemoteSettingsClient.sys.mjs","name":"get/this._importingPromise<","sourceId":29,"lineNumber":499,"columnNumber":28,"asyncCause":null,"asyncCaller":null,"caller":null,"formattedStack":"get/this._importingPromise<@resource://services-settings/RemoteSettingsClient.sys.mjs:499:28\n","nativeSavedFrame":{}},"formattedStack":"sync@resource://services-settings/RemoteSettingsClient.sys.mjs:657:42\nget/this._importingPromise<@resource://services-settings/RemoteSettingsClient.sys.mjs:499:28\n","nativeSavedFrame":{}},"formattedStack":"fetchLatestChanges@resource://services-settings/Utils.sys.mjs:429:34\nsync@resource://services-settings/RemoteSettingsClient.sys.mjs:657:42\nget/this._importingPromise<@resource://services-settings/RemoteSettingsClient.sys.mjs:499:28\n","nativeSavedFrame":{}},"formattedStack":"fetch@resource://services-settings/Utils.sys.mjs:219:12\nfetchLatestChanges@resource://services-settings/Utils.sys.mjs:429:34\nsync@resource://services-settings/RemoteSettingsClient.sys.mjs:657:42\nget/this._importingPromise<@resource://services-settings/RemoteSettingsClient.sys.mjs:499:28\n","nativeSavedFrame":{}},"formattedStack":"fetch/<@resource://services-settings/Utils.sys.mjs:268:15\nfetch@resource://services-settings/Utils.sys.mjs:219:12\nfetchLatestChanges@resource://services-settings/Utils.sys.mjs:429:34\nsync@resource://services-settings/RemoteSettingsClient.sys.mjs:657:42\nget/this._importingPromise<@resource://services-settings/RemoteSettingsClient.sys.mjs:499:28\n","nativeSavedFrame":{}},"formattedStack":"open@resource://gre/modules/ServiceRequest.sys.mjs:126:11\nfetch/<@resource://services-settings/Utils.sys.mjs:268:15\nfetch@resource://services-settings/Utils.sys.mjs:219:12\nfetchLatestChanges@resource://services-settings/Utils.sys.mjs:429:34\nsync@resource://services-settings/RemoteSettingsClient.sys.mjs:657:42\nget/this._importingPromise<@resource://services-settings/RemoteSettingsClient.sys.mjs:499:28\n","nativeSavedFrame":{}}
    - message = 
    - name = 
    - result = 2152071198
    - stack = open@resource://gre/modules/ServiceRequest.sys.mjs:126:11|fetch/<@resource://services-settings/Utils.sys.mjs:268:15|fetch@resource://services-settings/Utils.sys.mjs:219:12|fetchLatestChanges@resource://services-settings/Utils.sys.mjs:429:34|sync@resource://services-settings/RemoteSettingsClient.sys.mjs:657:42|get/this._importingPromise<@resource://services-settings/RemoteSettingsClient.sys.mjs:499:28|
  - prototype Object
console.error: services.settings: 
Object
  - prototype Object
    - columnNumber = 0
    - data = null
    - filename = resource://gre/modules/ServiceRequest.sys.mjs
    - lineNumber = 126
    - location = {"name":"open","filename":"resource://gre/modules/ServiceRequest.sys.mjs","sourceId":32,"lineNumber":126,"columnNumber":11,"asyncCause":null,"asyncCaller":null,"caller":{"filename":"resource://services-settings/Utils.sys.mjs","name":"fetch/<","sourceId":31,"lineNumber":268,"columnNumber":15,"asyncCause":null,"asyncCaller":null,"caller":{"filename":"resource://services-settings/Utils.sys.mjs","name":"fetch","sourceId":31,"lineNumber":219,"columnNumber":12,"asyncCause":null,"asyncCaller":null,"caller":{"filename":"resource://services-settings/Utils.sys.mjs","name":"fetchLatestChanges","sourceId":31,"lineNumber":429,"columnNumber":34,"asyncCause":null,"asyncCaller":null,"caller":{"filename":"resource://services-settings/RemoteSettingsClient.sys.mjs","name":"sync","sourceId":29,"lineNumber":657,"columnNumber":42,"asyncCause":null,"asyncCaller":null,"caller":{"filename":"resource://services-settings/RemoteSettingsClient.sys.mjs","name":"get/this._importingPromise<","sourceId":29,"lineNumber":499,"columnNumber":28,"asyncCause":null,"asyncCaller":null,"caller":null,"formattedStack":"get/this._importingPromise<@resource://services-settings/RemoteSettingsClient.sys.mjs:499:28\n","nativeSavedFrame":{}},"formattedStack":"sync@resource://services-settings/RemoteSettingsClient.sys.mjs:657:42\nget/this._importingPromise<@resource://services-settings/RemoteSettingsClient.sys.mjs:499:28\n","nativeSavedFrame":{}},"formattedStack":"fetchLatestChanges@resource://services-settings/Utils.sys.mjs:429:34\nsync@resource://services-settings/RemoteSettingsClient.sys.mjs:657:42\nget/this._importingPromise<@resource://services-settings/RemoteSettingsClient.sys.mjs:499:28\n","nativeSavedFrame":{}},"formattedStack":"fetch@resource://services-settings/Utils.sys.mjs:219:12\nfetchLatestChanges@resource://services-settings/Utils.sys.mjs:429:34\nsync@resource://services-settings/RemoteSettingsClient.sys.mjs:657:42\nget/this._importingPromise<@resource://services-settings/RemoteSettingsClient.sys.mjs:499:28\n","nativeSavedFrame":{}},"formattedStack":"fetch/<@resource://services-settings/Utils.sys.mjs:268:15\nfetch@resource://services-settings/Utils.sys.mjs:219:12\nfetchLatestChanges@resource://services-settings/Utils.sys.mjs:429:34\nsync@resource://services-settings/RemoteSettingsClient.sys.mjs:657:42\nget/this._importingPromise<@resource://services-settings/RemoteSettingsClient.sys.mjs:499:28\n","nativeSavedFrame":{}},"formattedStack":"open@resource://gre/modules/ServiceRequest.sys.mjs:126:11\nfetch/<@resource://services-settings/Utils.sys.mjs:268:15\nfetch@resource://services-settings/Utils.sys.mjs:219:12\nfetchLatestChanges@resource://services-settings/Utils.sys.mjs:429:34\nsync@resource://services-settings/RemoteSettingsClient.sys.mjs:657:42\nget/this._importingPromise<@resource://services-settings/RemoteSettingsClient.sys.mjs:499:28\n","nativeSavedFrame":{}}
    - message = 
    - name = 
    - result = 2152071198
    - stack = open@resource://gre/modules/ServiceRequest.sys.mjs:126:11|fetch/<@resource://services-settings/Utils.sys.mjs:268:15|fetch@resource://services-settings/Utils.sys.mjs:219:12|fetchLatestChanges@resource://services-settings/Utils.sys.mjs:429:34|sync@resource://services-settings/RemoteSettingsClient.sys.mjs:657:42|get/this._importingPromise<@resource://services-settings/RemoteSettingsClient.sys.mjs:499:28|
  - prototype Object
console.error: services.settings: 
Object
  - prototype Object
    - columnNumber = 0
    - data = null
    - filename = resource://gre/modules/ServiceRequest.sys.mjs
    - lineNumber = 126
    - location = {"name":"open","filename":"resource://gre/modules/ServiceRequest.sys.mjs","sourceId":32,"lineNumber":126,"columnNumber":11,"asyncCause":null,"asyncCaller":null,"caller":{"filename":"resource://services-settings/Utils.sys.mjs","name":"fetch/<","sourceId":31,"lineNumber":268,"columnNumber":15,"asyncCause":null,"asyncCaller":null,"caller":{"filename":"resource://services-settings/Utils.sys.mjs","name":"fetch","sourceId":31,"lineNumber":219,"columnNumber":12,"asyncCause":null,"asyncCaller":null,"caller":{"filename":"resource://services-settings/Utils.sys.mjs","name":"fetchLatestChanges","sourceId":31,"lineNumber":429,"columnNumber":34,"asyncCause":null,"asyncCaller":null,"caller":{"filename":"resource://services-settings/RemoteSettingsClient.sys.mjs","name":"sync","sourceId":29,"lineNumber":657,"columnNumber":42,"asyncCause":null,"asyncCaller":null,"caller":{"filename":"resource://services-settings/RemoteSettingsClient.sys.mjs","name":"get/this._importingPromise<","sourceId":29,"lineNumber":499,"columnNumber":28,"asyncCause":null,"asyncCaller":null,"caller":null,"formattedStack":"get/this._importingPromise<@resource://services-settings/RemoteSettingsClient.sys.mjs:499:28\n","nativeSavedFrame":{}},"formattedStack":"sync@resource://services-settings/RemoteSettingsClient.sys.mjs:657:42\nget/this._importingPromise<@resource://services-settings/RemoteSettingsClient.sys.mjs:499:28\n","nativeSavedFrame":{}},"formattedStack":"fetchLatestChanges@resource://services-settings/Utils.sys.mjs:429:34\nsync@resource://services-settings/RemoteSettingsClient.sys.mjs:657:42\nget/this._importingPromise<@resource://services-settings/RemoteSettingsClient.sys.mjs:499:28\n","nativeSavedFrame":{}},"formattedStack":"fetch@resource://services-settings/Utils.sys.mjs:219:12\nfetchLatestChanges@resource://services-settings/Utils.sys.mjs:429:34\nsync@resource://services-settings/RemoteSettingsClient.sys.mjs:657:42\nget/this._importingPromise<@resource://services-settings/RemoteSettingsClient.sys.mjs:499:28\n","nativeSavedFrame":{}},"formattedStack":"fetch/<@resource://services-settings/Utils.sys.mjs:268:15\nfetch@resource://services-settings/Utils.sys.mjs:219:12\nfetchLatestChanges@resource://services-settings/Utils.sys.mjs:429:34\nsync@resource://services-settings/RemoteSettingsClient.sys.mjs:657:42\nget/this._importingPromise<@resource://services-settings/RemoteSettingsClient.sys.mjs:499:28\n","nativeSavedFrame":{}},"formattedStack":"open@resource://gre/modules/ServiceRequest.sys.mjs:126:11\nfetch/<@resource://services-settings/Utils.sys.mjs:268:15\nfetch@resource://services-settings/Utils.sys.mjs:219:12\nfetchLatestChanges@resource://services-settings/Utils.sys.mjs:429:34\nsync@resource://services-settings/RemoteSettingsClient.sys.mjs:657:42\nget/this._importingPromise<@resource://services-settings/RemoteSettingsClient.sys.mjs:499:28\n","nativeSavedFrame":{}}
    - message = 
    - name = 
    - result = 2152071198
    - stack = open@resource://gre/modules/ServiceRequest.sys.mjs:126:11|fetch/<@resource://services-settings/Utils.sys.mjs:268:15|fetch@resource://services-settings/Utils.sys.mjs:219:12|fetchLatestChanges@resource://services-settings/Utils.sys.mjs:429:34|sync@resource://services-settings/RemoteSettingsClient.sys.mjs:657:42|get/this._importingPromise<@resource://services-settings/RemoteSettingsClient.sys.mjs:499:28|
  - prototype Object
console.error: services.settings: 
Object
  - prototype Object
    - columnNumber = 0
    - data = null
    - filename = resource://gre/modules/ServiceRequest.sys.mjs
    - lineNumber = 126
    - location = {"name":"open","filename":"resource://gre/modules/ServiceRequest.sys.mjs","sourceId":32,"lineNumber":126,"columnNumber":11,"asyncCause":null,"asyncCaller":null,"caller":{"filename":"resource://services-settings/Utils.sys.mjs","name":"fetch/<","sourceId":31,"lineNumber":268,"columnNumber":15,"asyncCause":null,"asyncCaller":null,"caller":{"filename":"resource://services-settings/Utils.sys.mjs","name":"fetch","sourceId":31,"lineNumber":219,"columnNumber":12,"asyncCause":null,"asyncCaller":null,"caller":{"filename":"resource://services-settings/Utils.sys.mjs","name":"fetchLatestChanges","sourceId":31,"lineNumber":429,"columnNumber":34,"asyncCause":null,"asyncCaller":null,"caller":{"filename":"resource://services-settings/RemoteSettingsClient.sys.mjs","name":"sync","sourceId":29,"lineNumber":657,"columnNumber":42,"asyncCause":null,"asyncCaller":null,"caller":{"filename":"resource://services-settings/RemoteSettingsClient.sys.mjs","name":"get/this._importingPromise<","sourceId":29,"lineNumber":499,"columnNumber":28,"asyncCause":null,"asyncCaller":null,"caller":null,"formattedStack":"get/this._importingPromise<@resource://services-settings/RemoteSettingsClient.sys.mjs:499:28\n","nativeSavedFrame":{}},"formattedStack":"sync@resource://services-settings/RemoteSettingsClient.sys.mjs:657:42\nget/this._importingPromise<@resource://services-settings/RemoteSettingsClient.sys.mjs:499:28\n","nativeSavedFrame":{}},"formattedStack":"fetchLatestChanges@resource://services-settings/Utils.sys.mjs:429:34\nsync@resource://services-settings/RemoteSettingsClient.sys.mjs:657:42\nget/this._importingPromise<@resource://services-settings/RemoteSettingsClient.sys.mjs:499:28\n","nativeSavedFrame":{}},"formattedStack":"fetch@resource://services-settings/Utils.sys.mjs:219:12\nfetchLatestChanges@resource://services-settings/Utils.sys.mjs:429:34\nsync@resource://services-settings/RemoteSettingsClient.sys.mjs:657:42\nget/this._importingPromise<@resource://services-settings/RemoteSettingsClient.sys.mjs:499:28\n","nativeSavedFrame":{}},"formattedStack":"fetch/<@resource://services-settings/Utils.sys.mjs:268:15\nfetch@resource://services-settings/Utils.sys.mjs:219:12\nfetchLatestChanges@resource://services-settings/Utils.sys.mjs:429:34\nsync@resource://services-settings/RemoteSettingsClient.sys.mjs:657:42\nget/this._importingPromise<@resource://services-settings/RemoteSettingsClient.sys.mjs:499:28\n","nativeSavedFrame":{}},"formattedStack":"open@resource://gre/modules/ServiceRequest.sys.mjs:126:11\nfetch/<@resource://services-settings/Utils.sys.mjs:268:15\nfetch@resource://services-settings/Utils.sys.mjs:219:12\nfetchLatestChanges@resource://services-settings/Utils.sys.mjs:429:34\nsync@resource://services-settings/RemoteSettingsClient.sys.mjs:657:42\nget/this._importingPromise<@resource://services-settings/RemoteSettingsClient.sys.mjs:499:28\n","nativeSavedFrame":{}}
    - message = 
    - name = 
    - result = 2152071198
    - stack = open@resource://gre/modules/ServiceRequest.sys.mjs:126:11|fetch/<@resource://services-settings/Utils.sys.mjs:268:15|fetch@resource://services-settings/Utils.sys.mjs:219:12|fetchLatestChanges@resource://services-settings/Utils.sys.mjs:429:34|sync@resource://services-settings/RemoteSettingsClient.sys.mjs:657:42|get/this._importingPromise<@resource://services-settings/RemoteSettingsClient.sys.mjs:499:28|
  - prototype Object
console.error: services.settings: 
Object
  - prototype Object
    - columnNumber = 0
    - data = null
    - filename = resource://gre/modules/ServiceRequest.sys.mjs
    - lineNumber = 126
    - location = {"name":"open","filename":"resource://gre/modules/ServiceRequest.sys.mjs","sourceId":32,"lineNumber":126,"columnNumber":11,"asyncCause":null,"asyncCaller":null,"caller":{"filename":"resource://services-settings/Utils.sys.mjs","name":"fetch/<","sourceId":31,"lineNumber":268,"columnNumber":15,"asyncCause":null,"asyncCaller":null,"caller":{"filename":"resource://services-settings/Utils.sys.mjs","name":"fetch","sourceId":31,"lineNumber":219,"columnNumber":12,"asyncCause":null,"asyncCaller":null,"caller":{"filename":"resource://services-settings/Utils.sys.mjs","name":"fetchLatestChanges","sourceId":31,"lineNumber":429,"columnNumber":34,"asyncCause":null,"asyncCaller":null,"caller":{"filename":"resource://services-settings/RemoteSettingsClient.sys.mjs","name":"sync","sourceId":29,"lineNumber":657,"columnNumber":42,"asyncCause":null,"asyncCaller":null,"caller":{"filename":"resource://services-settings/RemoteSettingsClient.sys.mjs","name":"get/this._importingPromise<","sourceId":29,"lineNumber":499,"columnNumber":28,"asyncCause":null,"asyncCaller":null,"caller":null,"formattedStack":"get/this._importingPromise<@resource://services-settings/RemoteSettingsClient.sys.mjs:499:28\n","nativeSavedFrame":{}},"formattedStack":"sync@resource://services-settings/RemoteSettingsClient.sys.mjs:657:42\nget/this._importingPromise<@resource://services-settings/RemoteSettingsClient.sys.mjs:499:28\n","nativeSavedFrame":{}},"formattedStack":"fetchLatestChanges@resource://services-settings/Utils.sys.mjs:429:34\nsync@resource://services-settings/RemoteSettingsClient.sys.mjs:657:42\nget/this._importingPromise<@resource://services-settings/RemoteSettingsClient.sys.mjs:499:28\n","nativeSavedFrame":{}},"formattedStack":"fetch@resource://services-settings/Utils.sys.mjs:219:12\nfetchLatestChanges@resource://services-settings/Utils.sys.mjs:429:34\nsync@resource://services-settings/RemoteSettingsClient.sys.mjs:657:42\nget/this._importingPromise<@resource://services-settings/RemoteSettingsClient.sys.mjs:499:28\n","nativeSavedFrame":{}},"formattedStack":"fetch/<@resource://services-settings/Utils.sys.mjs:268:15\nfetch@resource://services-settings/Utils.sys.mjs:219:12\nfetchLatestChanges@resource://services-settings/Utils.sys.mjs:429:34\nsync@resource://services-settings/RemoteSettingsClient.sys.mjs:657:42\nget/this._importingPromise<@resource://services-settings/RemoteSettingsClient.sys.mjs:499:28\n","nativeSavedFrame":{}},"formattedStack":"open@resource://gre/modules/ServiceRequest.sys.mjs:126:11\nfetch/<@resource://services-settings/Utils.sys.mjs:268:15\nfetch@resource://services-settings/Utils.sys.mjs:219:12\nfetchLatestChanges@resource://services-settings/Utils.sys.mjs:429:34\nsync@resource://services-settings/RemoteSettingsClient.sys.mjs:657:42\nget/this._importingPromise<@resource://services-settings/RemoteSettingsClient.sys.mjs:499:28\n","nativeSavedFrame":{}}
    - message = 
    - name = 
    - result = 2152071198
    - stack = open@resource://gre/modules/ServiceRequest.sys.mjs:126:11|fetch/<@resource://services-settings/Utils.sys.mjs:268:15|fetch@resource://services-settings/Utils.sys.mjs:219:12|fetchLatestChanges@resource://services-settings/Utils.sys.mjs:429:34|sync@resource://services-settings/RemoteSettingsClient.sys.mjs:657:42|get/this._importingPromise<@resource://services-settings/RemoteSettingsClient.sys.mjs:499:28|
  - prototype Object
console.error: services.settings: 
Object
  - prototype Object
    - columnNumber = 0
    - data = null
    - filename = resource://gre/modules/ServiceRequest.sys.mjs
    - lineNumber = 126
    - location = {"name":"open","filename":"resource://gre/modules/ServiceRequest.sys.mjs","sourceId":32,"lineNumber":126,"columnNumber":11,"asyncCause":null,"asyncCaller":null,"caller":{"filename":"resource://services-settings/Utils.sys.mjs","name":"fetch/<","sourceId":31,"lineNumber":268,"columnNumber":15,"asyncCause":null,"asyncCaller":null,"caller":{"filename":"resource://services-settings/Utils.sys.mjs","name":"fetch","sourceId":31,"lineNumber":219,"columnNumber":12,"asyncCause":null,"asyncCaller":null,"caller":{"filename":"resource://services-settings/Utils.sys.mjs","name":"fetchLatestChanges","sourceId":31,"lineNumber":429,"columnNumber":34,"asyncCause":null,"asyncCaller":null,"caller":{"filename":"resource://services-settings/RemoteSettingsClient.sys.mjs","name":"sync","sourceId":29,"lineNumber":657,"columnNumber":42,"asyncCause":null,"asyncCaller":null,"caller":{"filename":"resource://services-settings/RemoteSettingsClient.sys.mjs","name":"get/this._importingPromise<","sourceId":29,"lineNumber":499,"columnNumber":28,"asyncCause":null,"asyncCaller":null,"caller":null,"formattedStack":"get/this._importingPromise<@resource://services-settings/RemoteSettingsClient.sys.mjs:499:28\n","nativeSavedFrame":{}},"formattedStack":"sync@resource://services-settings/RemoteSettingsClient.sys.mjs:657:42\nget/this._importingPromise<@resource://services-settings/RemoteSettingsClient.sys.mjs:499:28\n","nativeSavedFrame":{}},"formattedStack":"fetchLatestChanges@resource://services-settings/Utils.sys.mjs:429:34\nsync@resource://services-settings/RemoteSettingsClient.sys.mjs:657:42\nget/this._importingPromise<@resource://services-settings/RemoteSettingsClient.sys.mjs:499:28\n","nativeSavedFrame":{}},"formattedStack":"fetch@resource://services-settings/Utils.sys.mjs:219:12\nfetchLatestChanges@resource://services-settings/Utils.sys.mjs:429:34\nsync@resource://services-settings/RemoteSettingsClient.sys.mjs:657:42\nget/this._importingPromise<@resource://services-settings/RemoteSettingsClient.sys.mjs:499:28\n","nativeSavedFrame":{}},"formattedStack":"fetch/<@resource://services-settings/Utils.sys.mjs:268:15\nfetch@resource://services-settings/Utils.sys.mjs:219:12\nfetchLatestChanges@resource://services-settings/Utils.sys.mjs:429:34\nsync@resource://services-settings/RemoteSettingsClient.sys.mjs:657:42\nget/this._importingPromise<@resource://services-settings/RemoteSettingsClient.sys.mjs:499:28\n","nativeSavedFrame":{}},"formattedStack":"open@resource://gre/modules/ServiceRequest.sys.mjs:126:11\nfetch/<@resource://services-settings/Utils.sys.mjs:268:15\nfetch@resource://services-settings/Utils.sys.mjs:219:12\nfetchLatestChanges@resource://services-settings/Utils.sys.mjs:429:34\nsync@resource://services-settings/RemoteSettingsClient.sys.mjs:657:42\nget/this._importingPromise<@resource://services-settings/RemoteSettingsClient.sys.mjs:499:28\n","nativeSavedFrame":{}}
    - message = 
    - name = 
    - result = 2152071198
    - stack = open@resource://gre/modules/ServiceRequest.sys.mjs:126:11|fetch/<@resource://services-settings/Utils.sys.mjs:268:15|fetch@resource://services-settings/Utils.sys.mjs:219:12|fetchLatestChanges@resource://services-settings/Utils.sys.mjs:429:34|sync@resource://services-settings/RemoteSettingsClient.sys.mjs:657:42|get/this._importingPromise<@resource://services-settings/RemoteSettingsClient.sys.mjs:499:28|
  - prototype Object
console.error: SearchTelemetry: (new TypeError("can't access property \"empty\", this[#store] is null", "moz-src:///browser/components/search/SERPCategorization.sys.mjs", 951))
console.error: "Failed to fetch https://ads.mozilla.org/v1/delete_user:" "NetworkError when attempting to fetch resource."
console.warn: TopSitesFeed: Failed to fetch data from MARS server: NetworkError when attempting to fetch resource.
JavaScript error: resource://services-settings/RemoteSettingsClient.sys.mjs, line 101: Error: Unknown callback
1754480293545	mozrunner::runner	INFO	Running command: "C:\\Program Files\\Mozilla Firefox\\firefox.exe" "--marionette" "--width=1920" "--height=1080" "--remote-de ... 0" "--remote-allow-hosts" "localhost" "-no-remote" "-profile" "C:\\Users\\allal\\AppData\\Local\\Temp\\rust_mozprofileathOL3"
console.warn: services.settings: Ignoring preference override of remote settings server
console.warn: services.settings: Allow by setting MOZ_REMOTE_SETTINGS_DEVTOOLS=1 in the environment
Dynamically enable window occlusion 0
1754480293855	Marionette	INFO	Marionette enabled
console.error: "Warning: unrecognized command line flag" "-width"
console.error: "Warning: unrecognized command line flag" "-height"
1754480294029	Marionette	INFO	Listening on port 61524
WebDriver BiDi listening on ws://127.0.0.1:61525
Read port: 61524
1754480295813	RemoteAgent	INFO	Perform WebSocket upgrade for incoming connection from 127.0.0.1:61533
JavaScript error: chrome://remote/content/shared/Realm.sys.mjs, line 184: TypeError: argument is not a global object
JavaScript warning: https://player.vimeo.com/video/1075277174?autoplay=true&muted=true&loop=true&controls=false&quality=auto&autopause=true, line 86: unreachable code after return statement
console.error: (new InvalidStateError("JSWindowActorChild.sendAsyncMessage: JSWindowActorChild cannot send at the moment", (void 0), 103))
console.error: (new InvalidStateError("JSWindowActorChild.sendAsyncMessage: JSWindowActorChild cannot send at the moment", (void 0), 103))
JavaScript error: chrome://remote/content/shared/Realm.sys.mjs, line 184: TypeError: argument is not a global object
1754480299167	Marionette	INFO	Stopped listening on port 61524
JavaScript error: chrome://remote/content/shared/NetworkDecodedBodySizeMap.sys.mjs, line 32: TypeError: can't access property "get", this[#channelIdToBodySizeMap] is null
JavaScript error: chrome://remote/content/shared/NetworkDecodedBodySizeMap.sys.mjs, line 32: TypeError: can't access property "get", this[#channelIdToBodySizeMap] is null
JavaScript error: chrome://remote/content/shared/NetworkDecodedBodySizeMap.sys.mjs, line 32: TypeError: can't access property "get", this[#channelIdToBodySizeMap] is null
JavaScript error: chrome://remote/content/shared/NetworkDecodedBodySizeMap.sys.mjs, line 32: TypeError: can't access property "get", this[#channelIdToBodySizeMap] is null
JavaScript error: chrome://remote/content/shared/NetworkDecodedBodySizeMap.sys.mjs, line 32: TypeError: can't access property "get", this[#channelIdToBodySizeMap] is null
Dynamically enable window occlusion 1
JavaScript error: chrome://remote/content/shared/messagehandler/transports/js-window-actors/MessageHandlerFrameParent.sys.mjs, line 119: TypeError: can't access property "moduleCache", messageHandler is undefined
JavaScript error: chrome://remote/content/shared/messagehandler/transports/js-window-actors/MessageHandlerFrameParent.sys.mjs, line 119: TypeError: can't access property "moduleCache", messageHandler is undefined
JavaScript warning: chrome://global/content/elements/videocontrols.js, line 3267: Script terminated by timeout at:
updateReflowedDimensions@chrome://global/content/elements/videocontrols.js:3267:7
handleEvent@chrome://global/content/elements/videocontrols.js:3176:18

JavaScript error: chrome://remote/content/shared/NetworkDecodedBodySizeMap.sys.mjs, line 32: TypeError: can't access property "get", this[#channelIdToBodySizeMap] is null
console.error: (new NotFoundError("No such JSProcessActor 'WebDriverProcessData'", (void 0), 23))
console.error: (new NotFoundError("No such JSProcessActor 'WebDriverProcessData'", (void 0), 23))
console.error: (new NotFoundError("No such JSProcessActor 'WebDriverProcessData'", (void 0), 23))
console.error: (new NotFoundError("No such JSProcessActor 'WebDriverProcessData'", (void 0), 23))
JavaScript error: chrome://remote/content/shared/NetworkDecodedBodySizeMap.sys.mjs, line 32: TypeError: can't access property "get", this[#channelIdToBodySizeMap] is null
JavaScript error: chrome://remote/content/shared/messagehandler/transports/js-window-actors/MessageHandlerFrameParent.sys.mjs, line 119: TypeError: can't access property "moduleCache", messageHandler is undefined
JavaScript error: chrome://remote/content/shared/messagehandler/transports/js-window-actors/MessageHandlerFrameParent.sys.mjs, line 119: TypeError: can't access property "moduleCache", messageHandler is undefined
JavaScript error: chrome://remote/content/shared/messagehandler/transports/js-window-actors/MessageHandlerFrameParent.sys.mjs, line 119: TypeError: can't access property "moduleCache", messageHandler is undefined
JavaScript error: chrome://remote/content/shared/messagehandler/transports/js-window-actors/MessageHandlerFrameParent.sys.mjs, line 119: TypeError: can't access property "moduleCache", messageHandler is undefined
JavaScript error: chrome://remote/content/shared/messagehandler/transports/js-window-actors/MessageHandlerFrameParent.sys.mjs, line 119: TypeError: can't access property "moduleCache", messageHandler is undefined
JavaScript error: chrome://remote/content/shared/messagehandler/transports/js-window-actors/MessageHandlerFrameParent.sys.mjs, line 119: TypeError: can't access property "moduleCache", messageHandler is undefined
console.error: "Failed to fetch https://ads.mozilla.org/v1/delete_user:" "NetworkError when attempting to fetch resource."
console.warn: TopSitesFeed: Failed to fetch data from MARS server: NetworkError when attempting to fetch resource.
console.error: (new InvalidStateError("JSWindowActorChild.sendAsyncMessage: JSWindowActorChild cannot send at the moment", (void 0), 103))
console.error: (new InvalidStateError("JSWindowActorChild.sendAsyncMessage: JSWindowActorChild cannot send at the moment", (void 0), 103))
console.error: (new InvalidStateError("JSWindowActorChild.sendAsyncMessage: JSWindowActorChild cannot send at the moment", (void 0), 103))
JavaScript error: resource://services-settings/RemoteSettingsClient.sys.mjs, line 101: Error: Unknown callback
1754480300518	mozrunner::runner	INFO	Running command: "C:\\Program Files\\Mozilla Firefox\\firefox.exe" "--marionette" "--width=1920" "--height=1080" "--remote-de ... 0" "--remote-allow-hosts" "localhost" "-no-remote" "-profile" "C:\\Users\\allal\\AppData\\Local\\Temp\\rust_mozprofile4QDt8e"
console.warn: services.settings: Ignoring preference override of remote settings server
console.warn: services.settings: Allow by setting MOZ_REMOTE_SETTINGS_DEVTOOLS=1 in the environment
Dynamically enable window occlusion 0
1754480300821	Marionette	INFO	Marionette enabled
console.error: "Warning: unrecognized command line flag" "-width"
console.error: "Warning: unrecognized command line flag" "-height"
1754480300977	Marionette	INFO	Listening on port 61619
WebDriver BiDi listening on ws://127.0.0.1:61620
Read port: 61619
1754480302840	RemoteAgent	INFO	Perform WebSocket upgrade for incoming connection from 127.0.0.1:61628
JavaScript warning: https://cdn.sift.com/s.js, line 26: WEBGL_debug_renderer_info is deprecated in Firefox and will be removed. Please use RENDERER.
console.error: (new InvalidStateError("JSWindowActorChild.sendAsyncMessage: JSWindowActorChild cannot send at the moment", (void 0), 103))
console.error: (new InvalidStateError("JSWindowActorChild.sendAsyncMessage: JSWindowActorChild cannot send at the moment", (void 0), 103))
1754480305664	Marionette	INFO	Stopped listening on port 61619
JavaScript error: chrome://remote/content/shared/NetworkDecodedBodySizeMap.sys.mjs, line 32: TypeError: can't access property "get", this[#channelIdToBodySizeMap] is null
JavaScript error: chrome://remote/content/shared/NetworkDecodedBodySizeMap.sys.mjs, line 32: TypeError: can't access property "get", this[#channelIdToBodySizeMap] is null
JavaScript error: chrome://remote/content/shared/NetworkDecodedBodySizeMap.sys.mjs, line 32: TypeError: can't access property "get", this[#channelIdToBodySizeMap] is null
JavaScript error: chrome://remote/content/shared/NetworkDecodedBodySizeMap.sys.mjs, line 32: TypeError: can't access property "get", this[#channelIdToBodySizeMap] is null
JavaScript error: chrome://remote/content/shared/NetworkDecodedBodySizeMap.sys.mjs, line 32: TypeError: can't access property "get", this[#channelIdToBodySizeMap] is null
JavaScript error: chrome://remote/content/shared/NetworkDecodedBodySizeMap.sys.mjs, line 32: TypeError: can't access property "get", this[#channelIdToBodySizeMap] is null
JavaScript error: chrome://remote/content/shared/NetworkDecodedBodySizeMap.sys.mjs, line 32: TypeError: can't access property "get", this[#channelIdToBodySizeMap] is null
JavaScript error: chrome://remote/content/shared/NetworkDecodedBodySizeMap.sys.mjs, line 32: TypeError: can't access property "get", this[#channelIdToBodySizeMap] is null
JavaScript error: chrome://remote/content/shared/NetworkDecodedBodySizeMap.sys.mjs, line 32: TypeError: can't access property "get", this[#channelIdToBodySizeMap] is null
JavaScript error: chrome://remote/content/shared/NetworkDecodedBodySizeMap.sys.mjs, line 32: TypeError: can't access property "get", this[#channelIdToBodySizeMap] is null
JavaScript error: chrome://remote/content/shared/NetworkDecodedBodySizeMap.sys.mjs, line 32: TypeError: can't access property "get", this[#channelIdToBodySizeMap] is null
JavaScript error: chrome://remote/content/shared/NetworkDecodedBodySizeMap.sys.mjs, line 32: TypeError: can't access property "get", this[#channelIdToBodySizeMap] is null
JavaScript error: chrome://remote/content/shared/NetworkDecodedBodySizeMap.sys.mjs, line 32: TypeError: can't access property "get", this[#channelIdToBodySizeMap] is null
JavaScript error: chrome://remote/content/shared/NetworkDecodedBodySizeMap.sys.mjs, line 32: TypeError: can't access property "get", this[#channelIdToBodySizeMap] is null
JavaScript error: chrome://remote/content/shared/NetworkDecodedBodySizeMap.sys.mjs, line 32: TypeError: can't access property "get", this[#channelIdToBodySizeMap] is null
JavaScript error: chrome://remote/content/shared/NetworkDecodedBodySizeMap.sys.mjs, line 32: TypeError: can't access property "get", this[#channelIdToBodySizeMap] is null
JavaScript error: chrome://remote/content/shared/NetworkDecodedBodySizeMap.sys.mjs, line 32: TypeError: can't access property "get", this[#channelIdToBodySizeMap] is null
JavaScript error: chrome://remote/content/shared/NetworkDecodedBodySizeMap.sys.mjs, line 32: TypeError: can't access property "get", this[#channelIdToBodySizeMap] is null
JavaScript error: chrome://remote/content/shared/NetworkDecodedBodySizeMap.sys.mjs, line 32: TypeError: can't access property "get", this[#channelIdToBodySizeMap] is null
Dynamically enable window occlusion 1
JavaScript error: chrome://remote/content/shared/messagehandler/transports/js-window-actors/MessageHandlerFrameParent.sys.mjs, line 119: TypeError: can't access property "moduleCache", messageHandler is undefined
JavaScript error: chrome://remote/content/shared/messagehandler/transports/js-window-actors/MessageHandlerFrameParent.sys.mjs, line 119: TypeError: can't access property "moduleCache", messageHandler is undefined
JavaScript error: chrome://remote/content/shared/messagehandler/transports/js-window-actors/MessageHandlerFrameParent.sys.mjs, line 119: TypeError: can't access property "moduleCache", messageHandler is undefined
JavaScript error: chrome://remote/content/shared/messagehandler/transports/js-window-actors/MessageHandlerFrameParent.sys.mjs, line 119: TypeError: can't access property "moduleCache", messageHandler is undefined
JavaScript error: chrome://remote/content/shared/messagehandler/transports/js-window-actors/MessageHandlerFrameParent.sys.mjs, line 119: TypeError: can't access property "moduleCache", messageHandler is undefined
JavaScript error: chrome://remote/content/shared/messagehandler/transports/js-window-actors/MessageHandlerFrameParent.sys.mjs, line 119: TypeError: can't access property "moduleCache", messageHandler is undefined
JavaScript error: chrome://remote/content/shared/messagehandler/transports/js-window-actors/MessageHandlerFrameParent.sys.mjs, line 119: TypeError: can't access property "moduleCache", messageHandler is undefined
JavaScript error: chrome://remote/content/shared/messagehandler/transports/js-window-actors/MessageHandlerFrameParent.sys.mjs, line 119: TypeError: can't access property "moduleCache", messageHandler is undefined
JavaScript error: chrome://remote/content/shared/messagehandler/transports/js-window-actors/MessageHandlerFrameParent.sys.mjs, line 119: TypeError: can't access property "moduleCache", messageHandler is undefined
JavaScript error: chrome://remote/content/shared/NetworkDecodedBodySizeMap.sys.mjs, line 32: TypeError: can't access property "get", this[#channelIdToBodySizeMap] is null
console.error: (new NotFoundError("No such JSProcessActor 'WebDriverProcessData'", (void 0), 23))
JavaScript error: chrome://remote/content/shared/NetworkDecodedBodySizeMap.sys.mjs, line 32: TypeError: can't access property "get", this[#channelIdToBodySizeMap] is null
JavaScript error: chrome://remote/content/shared/messagehandler/transports/js-window-actors/MessageHandlerFrameParent.sys.mjs, line 119: TypeError: can't access property "moduleCache", messageHandler is undefined
JavaScript error: chrome://remote/content/shared/messagehandler/transports/js-window-actors/MessageHandlerFrameParent.sys.mjs, line 119: TypeError: can't access property "moduleCache", messageHandler is undefined
JavaScript error: chrome://remote/content/shared/messagehandler/transports/js-window-actors/MessageHandlerFrameParent.sys.mjs, line 119: TypeError: can't access property "moduleCache", messageHandler is undefined
JavaScript error: chrome://remote/content/shared/messagehandler/transports/js-window-actors/MessageHandlerFrameParent.sys.mjs, line 119: TypeError: can't access property "moduleCache", messageHandler is undefined
JavaScript error: chrome://remote/content/shared/messagehandler/transports/js-window-actors/MessageHandlerFrameParent.sys.mjs, line 119: TypeError: can't access property "moduleCache", messageHandler is undefined
JavaScript error: chrome://remote/content/shared/messagehandler/transports/js-window-actors/MessageHandlerFrameParent.sys.mjs, line 119: TypeError: can't access property "moduleCache", messageHandler is undefined
JavaScript error: chrome://remote/content/shared/messagehandler/transports/js-window-actors/MessageHandlerFrameParent.sys.mjs, line 119: TypeError: can't access property "moduleCache", messageHandler is undefined
JavaScript error: chrome://remote/content/shared/messagehandler/transports/js-window-actors/MessageHandlerFrameParent.sys.mjs, line 119: TypeError: can't access property "moduleCache", messageHandler is undefined
JavaScript error: chrome://remote/content/shared/messagehandler/transports/js-window-actors/MessageHandlerFrameParent.sys.mjs, line 119: TypeError: can't access property "moduleCache", messageHandler is undefined
JavaScript error: chrome://remote/content/shared/messagehandler/transports/js-window-actors/MessageHandlerFrameParent.sys.mjs, line 119: TypeError: can't access property "moduleCache", messageHandler is undefined
JavaScript error: chrome://remote/content/shared/messagehandler/transports/js-window-actors/MessageHandlerFrameParent.sys.mjs, line 119: TypeError: can't access property "moduleCache", messageHandler is undefined
JavaScript error: chrome://remote/content/shared/messagehandler/transports/js-window-actors/MessageHandlerFrameParent.sys.mjs, line 119: TypeError: can't access property "moduleCache", messageHandler is undefined
JavaScript error: chrome://remote/content/shared/NetworkDecodedBodySizeMap.sys.mjs, line 32: TypeError: can't access property "get", this[#channelIdToBodySizeMap] is null
JavaScript error: chrome://remote/content/shared/messagehandler/transports/js-window-actors/MessageHandlerFrameParent.sys.mjs, line 119: TypeError: can't access property "moduleCache", messageHandler is undefined
JavaScript error: chrome://remote/content/shared/messagehandler/transports/js-window-actors/MessageHandlerFrameParent.sys.mjs, line 119: TypeError: can't access property "moduleCache", messageHandler is undefined
JavaScript error: chrome://remote/content/shared/messagehandler/transports/js-window-actors/MessageHandlerFrameParent.sys.mjs, line 119: TypeError: can't access property "moduleCache", messageHandler is undefined
JavaScript error: chrome://remote/content/shared/messagehandler/transports/js-window-actors/MessageHandlerFrameParent.sys.mjs, line 119: TypeError: can't access property "moduleCache", messageHandler is undefined
JavaScript error: chrome://remote/content/shared/messagehandler/transports/js-window-actors/MessageHandlerFrameParent.sys.mjs, line 119: TypeError: can't access property "moduleCache", messageHandler is undefined
JavaScript error: chrome://remote/content/shared/messagehandler/transports/js-window-actors/MessageHandlerFrameParent.sys.mjs, line 119: TypeError: can't access property "moduleCache", messageHandler is undefined
JavaScript error: chrome://remote/content/shared/messagehandler/transports/js-window-actors/MessageHandlerFrameParent.sys.mjs, line 119: TypeError: can't access property "moduleCache", messageHandler is undefined
JavaScript error: chrome://remote/content/shared/messagehandler/transports/js-window-actors/MessageHandlerFrameParent.sys.mjs, line 119: TypeError: can't access property "moduleCache", messageHandler is undefined
JavaScript error: chrome://remote/content/shared/messagehandler/transports/js-window-actors/MessageHandlerFrameParent.sys.mjs, line 119: TypeError: can't access property "moduleCache", messageHandler is undefined
JavaScript error: chrome://remote/content/shared/messagehandler/transports/js-window-actors/MessageHandlerFrameParent.sys.mjs, line 119: TypeError: can't access property "moduleCache", messageHandler is undefined
JavaScript error: chrome://remote/content/shared/messagehandler/transports/js-window-actors/MessageHandlerFrameParent.sys.mjs, line 119: TypeError: can't access property "moduleCache", messageHandler is undefined
JavaScript error: chrome://remote/content/shared/messagehandler/transports/js-window-actors/MessageHandlerFrameParent.sys.mjs, line 119: TypeError: can't access property "moduleCache", messageHandler is undefined
JavaScript error: chrome://remote/content/shared/messagehandler/transports/js-window-actors/MessageHandlerFrameParent.sys.mjs, line 119: TypeError: can't access property "moduleCache", messageHandler is undefined
JavaScript error: chrome://remote/content/shared/messagehandler/transports/js-window-actors/MessageHandlerFrameParent.sys.mjs, line 119: TypeError: can't access property "moduleCache", messageHandler is undefined
JavaScript error: chrome://remote/content/shared/messagehandler/transports/js-window-actors/MessageHandlerFrameParent.sys.mjs, line 119: TypeError: can't access property "moduleCache", messageHandler is undefined
JavaScript error: chrome://remote/content/shared/messagehandler/transports/js-window-actors/MessageHandlerFrameParent.sys.mjs, line 119: TypeError: can't access property "moduleCache", messageHandler is undefined
JavaScript error: chrome://remote/content/shared/messagehandler/transports/js-window-actors/MessageHandlerFrameParent.sys.mjs, line 119: TypeError: can't access property "moduleCache", messageHandler is undefined
JavaScript error: chrome://remote/content/shared/messagehandler/transports/js-window-actors/MessageHandlerFrameParent.sys.mjs, line 119: TypeError: can't access property "moduleCache", messageHandler is undefined
JavaScript error: chrome://remote/content/shared/messagehandler/transports/js-window-actors/MessageHandlerFrameParent.sys.mjs, line 119: TypeError: can't access property "moduleCache", messageHandler is undefined
JavaScript error: chrome://remote/content/shared/messagehandler/transports/js-window-actors/MessageHandlerFrameParent.sys.mjs, line 119: TypeError: can't access property "moduleCache", messageHandler is undefined
JavaScript error: chrome://remote/content/shared/messagehandler/transports/js-window-actors/MessageHandlerFrameParent.sys.mjs, line 119: TypeError: can't access property "moduleCache", messageHandler is undefined
JavaScript error: chrome://remote/content/shared/messagehandler/transports/js-window-actors/MessageHandlerFrameParent.sys.mjs, line 119: TypeError: can't access property "moduleCache", messageHandler is undefined
JavaScript error: chrome://remote/content/shared/messagehandler/transports/js-window-actors/MessageHandlerFrameParent.sys.mjs, line 119: TypeError: can't access property "moduleCache", messageHandler is undefined
JavaScript error: chrome://remote/content/shared/messagehandler/transports/js-window-actors/MessageHandlerFrameParent.sys.mjs, line 119: TypeError: can't access property "moduleCache", messageHandler is undefined
JavaScript error: chrome://remote/content/shared/messagehandler/transports/js-window-actors/MessageHandlerFrameParent.sys.mjs, line 119: TypeError: can't access property "moduleCache", messageHandler is undefined
JavaScript error: chrome://remote/content/shared/messagehandler/transports/js-window-actors/MessageHandlerFrameParent.sys.mjs, line 119: TypeError: can't access property "moduleCache", messageHandler is undefined
JavaScript error: chrome://remote/content/shared/messagehandler/transports/js-window-actors/MessageHandlerFrameParent.sys.mjs, line 119: TypeError: can't access property "moduleCache", messageHandler is undefined
JavaScript error: chrome://remote/content/shared/messagehandler/transports/js-window-actors/MessageHandlerFrameParent.sys.mjs, line 119: TypeError: can't access property "moduleCache", messageHandler is undefined
JavaScript error: chrome://remote/content/shared/messagehandler/transports/js-window-actors/MessageHandlerFrameParent.sys.mjs, line 119: TypeError: can't access property "moduleCache", messageHandler is undefined
JavaScript error: chrome://remote/content/shared/messagehandler/transports/js-window-actors/MessageHandlerFrameParent.sys.mjs, line 119: TypeError: can't access property "moduleCache", messageHandler is undefined
JavaScript error: chrome://remote/content/shared/messagehandler/transports/js-window-actors/MessageHandlerFrameParent.sys.mjs, line 119: TypeError: can't access property "moduleCache", messageHandler is undefined
JavaScript error: chrome://remote/content/shared/messagehandler/transports/js-window-actors/MessageHandlerFrameParent.sys.mjs, line 119: TypeError: can't access property "moduleCache", messageHandler is undefined
JavaScript error: chrome://remote/content/shared/messagehandler/transports/js-window-actors/MessageHandlerFrameParent.sys.mjs, line 119: TypeError: can't access property "moduleCache", messageHandler is undefined
JavaScript error: chrome://remote/content/shared/messagehandler/transports/js-window-actors/MessageHandlerFrameParent.sys.mjs, line 119: TypeError: can't access property "moduleCache", messageHandler is undefined
JavaScript error: chrome://remote/content/shared/messagehandler/transports/js-window-actors/MessageHandlerFrameParent.sys.mjs, line 119: TypeError: can't access property "moduleCache", messageHandler is undefined
JavaScript error: chrome://remote/content/shared/messagehandler/transports/js-window-actors/MessageHandlerFrameParent.sys.mjs, line 119: TypeError: can't access property "moduleCache", messageHandler is undefined
JavaScript error: chrome://remote/content/shared/messagehandler/transports/js-window-actors/MessageHandlerFrameParent.sys.mjs, line 119: TypeError: can't access property "moduleCache", messageHandler is undefined
JavaScript error: chrome://remote/content/shared/messagehandler/transports/js-window-actors/MessageHandlerFrameParent.sys.mjs, line 119: TypeError: can't access property "moduleCache", messageHandler is undefined
JavaScript error: chrome://remote/content/shared/messagehandler/transports/js-window-actors/MessageHandlerFrameParent.sys.mjs, line 119: TypeError: can't access property "moduleCache", messageHandler is undefined
JavaScript error: chrome://remote/content/shared/messagehandler/transports/js-window-actors/MessageHandlerFrameParent.sys.mjs, line 119: TypeError: can't access property "moduleCache", messageHandler is undefined
JavaScript error: chrome://remote/content/shared/messagehandler/transports/js-window-actors/MessageHandlerFrameParent.sys.mjs, line 119: TypeError: can't access property "moduleCache", messageHandler is undefined
JavaScript error: chrome://remote/content/shared/messagehandler/transports/js-window-actors/MessageHandlerFrameParent.sys.mjs, line 119: TypeError: can't access property "moduleCache", messageHandler is undefined
JavaScript error: chrome://remote/content/shared/messagehandler/transports/js-window-actors/MessageHandlerFrameParent.sys.mjs, line 119: TypeError: can't access property "moduleCache", messageHandler is undefined
JavaScript error: chrome://remote/content/shared/messagehandler/transports/js-window-actors/MessageHandlerFrameParent.sys.mjs, line 119: TypeError: can't access property "moduleCache", messageHandler is undefined
JavaScript error: chrome://remote/content/shared/messagehandler/transports/js-window-actors/MessageHandlerFrameParent.sys.mjs, line 119: TypeError: can't access property "moduleCache", messageHandler is undefined
JavaScript error: chrome://remote/content/shared/messagehandler/transports/js-window-actors/MessageHandlerFrameParent.sys.mjs, line 119: TypeError: can't access property "moduleCache", messageHandler is undefined
JavaScript error: chrome://remote/content/shared/messagehandler/transports/js-window-actors/MessageHandlerFrameParent.sys.mjs, line 119: TypeError: can't access property "moduleCache", messageHandler is undefined
JavaScript error: chrome://remote/content/shared/messagehandler/transports/js-window-actors/MessageHandlerFrameParent.sys.mjs, line 119: TypeError: can't access property "moduleCache", messageHandler is undefined
JavaScript error: chrome://remote/content/shared/messagehandler/transports/js-window-actors/MessageHandlerFrameParent.sys.mjs, line 119: TypeError: can't access property "moduleCache", messageHandler is undefined
JavaScript error: chrome://remote/content/shared/messagehandler/transports/js-window-actors/MessageHandlerFrameParent.sys.mjs, line 119: TypeError: can't access property "moduleCache", messageHandler is undefined
JavaScript error: chrome://remote/content/shared/messagehandler/transports/js-window-actors/MessageHandlerFrameParent.sys.mjs, line 119: TypeError: can't access property "moduleCache", messageHandler is undefined
JavaScript error: chrome://remote/content/shared/messagehandler/transports/js-window-actors/MessageHandlerFrameParent.sys.mjs, line 119: TypeError: can't access property "moduleCache", messageHandler is undefined
JavaScript error: chrome://remote/content/shared/messagehandler/transports/js-window-actors/MessageHandlerFrameParent.sys.mjs, line 119: TypeError: can't access property "moduleCache", messageHandler is undefined
JavaScript error: chrome://remote/content/shared/messagehandler/transports/js-window-actors/MessageHandlerFrameParent.sys.mjs, line 119: TypeError: can't access property "moduleCache", messageHandler is undefined
JavaScript error: chrome://remote/content/shared/messagehandler/transports/js-window-actors/MessageHandlerFrameParent.sys.mjs, line 119: TypeError: can't access property "moduleCache", messageHandler is undefined
JavaScript error: chrome://remote/content/shared/messagehandler/transports/js-window-actors/MessageHandlerFrameParent.sys.mjs, line 119: TypeError: can't access property "moduleCache", messageHandler is undefined
JavaScript error: chrome://remote/content/shared/messagehandler/transports/js-window-actors/MessageHandlerFrameParent.sys.mjs, line 119: TypeError: can't access property "moduleCache", messageHandler is undefined
JavaScript error: chrome://remote/content/shared/messagehandler/transports/js-window-actors/MessageHandlerFrameParent.sys.mjs, line 119: TypeError: can't access property "moduleCache", messageHandler is undefined
JavaScript error: chrome://remote/content/shared/messagehandler/transports/js-window-actors/MessageHandlerFrameParent.sys.mjs, line 119: TypeError: can't access property "moduleCache", messageHandler is undefined
JavaScript error: chrome://remote/content/shared/messagehandler/transports/js-window-actors/MessageHandlerFrameParent.sys.mjs, line 119: TypeError: can't access property "moduleCache", messageHandler is undefined
JavaScript error: chrome://remote/content/shared/messagehandler/transports/js-window-actors/MessageHandlerFrameParent.sys.mjs, line 119: TypeError: can't access property "moduleCache", messageHandler is undefined
JavaScript error: chrome://remote/content/shared/messagehandler/transports/js-window-actors/MessageHandlerFrameParent.sys.mjs, line 119: TypeError: can't access property "moduleCache", messageHandler is undefined
JavaScript error: chrome://remote/content/shared/messagehandler/transports/js-window-actors/MessageHandlerFrameParent.sys.mjs, line 119: TypeError: can't access property "moduleCache", messageHandler is undefined
JavaScript error: chrome://remote/content/shared/messagehandler/transports/js-window-actors/MessageHandlerFrameParent.sys.mjs, line 119: TypeError: can't access property "moduleCache", messageHandler is undefined
JavaScript error: chrome://remote/content/shared/messagehandler/transports/js-window-actors/MessageHandlerFrameParent.sys.mjs, line 119: TypeError: can't access property "moduleCache", messageHandler is undefined
JavaScript error: chrome://remote/content/shared/messagehandler/transports/js-window-actors/MessageHandlerFrameParent.sys.mjs, line 119: TypeError: can't access property "moduleCache", messageHandler is undefined
JavaScript error: chrome://remote/content/shared/messagehandler/transports/js-window-actors/MessageHandlerFrameParent.sys.mjs, line 119: TypeError: can't access property "moduleCache", messageHandler is undefined
JavaScript error: chrome://remote/content/shared/messagehandler/transports/js-window-actors/MessageHandlerFrameParent.sys.mjs, line 119: TypeError: can't access property "moduleCache", messageHandler is undefined
JavaScript error: chrome://remote/content/shared/messagehandler/transports/js-window-actors/MessageHandlerFrameParent.sys.mjs, line 119: TypeError: can't access property "moduleCache", messageHandler is undefined
JavaScript error: chrome://remote/content/shared/messagehandler/transports/js-window-actors/MessageHandlerFrameParent.sys.mjs, line 119: TypeError: can't access property "moduleCache", messageHandler is undefined
JavaScript error: chrome://remote/content/shared/messagehandler/transports/js-window-actors/MessageHandlerFrameParent.sys.mjs, line 119: TypeError: can't access property "moduleCache", messageHandler is undefined
JavaScript error: chrome://remote/content/shared/messagehandler/transports/js-window-actors/MessageHandlerFrameParent.sys.mjs, line 119: TypeError: can't access property "moduleCache", messageHandler is undefined
JavaScript error: chrome://remote/content/shared/messagehandler/transports/js-window-actors/MessageHandlerFrameParent.sys.mjs, line 119: TypeError: can't access property "moduleCache", messageHandler is undefined
JavaScript error: chrome://remote/content/shared/messagehandler/transports/js-window-actors/MessageHandlerFrameParent.sys.mjs, line 119: TypeError: can't access property "moduleCache", messageHandler is undefined
JavaScript error: chrome://remote/content/shared/messagehandler/transports/js-window-actors/MessageHandlerFrameParent.sys.mjs, line 119: TypeError: can't access property "moduleCache", messageHandler is undefined
JavaScript error: chrome://remote/content/shared/messagehandler/transports/js-window-actors/MessageHandlerFrameParent.sys.mjs, line 119: TypeError: can't access property "moduleCache", messageHandler is undefined
JavaScript error: chrome://remote/content/shared/messagehandler/transports/js-window-actors/MessageHandlerFrameParent.sys.mjs, line 119: TypeError: can't access property "moduleCache", messageHandler is undefined
JavaScript error: chrome://remote/content/shared/messagehandler/transports/js-window-actors/MessageHandlerFrameParent.sys.mjs, line 119: TypeError: can't access property "moduleCache", messageHandler is undefined
JavaScript error: chrome://remote/content/shared/messagehandler/transports/js-window-actors/MessageHandlerFrameParent.sys.mjs, line 119: TypeError: can't access property "moduleCache", messageHandler is undefined
JavaScript error: chrome://remote/content/shared/messagehandler/transports/js-window-actors/MessageHandlerFrameParent.sys.mjs, line 119: TypeError: can't access property "moduleCache", messageHandler is undefined
JavaScript error: chrome://remote/content/shared/messagehandler/transports/js-window-actors/MessageHandlerFrameParent.sys.mjs, line 119: TypeError: can't access property "moduleCache", messageHandler is undefined
JavaScript error: chrome://remote/content/shared/messagehandler/transports/js-window-actors/MessageHandlerFrameParent.sys.mjs, line 119: TypeError: can't access property "moduleCache", messageHandler is undefined
JavaScript error: chrome://remote/content/shared/messagehandler/transports/js-window-actors/MessageHandlerFrameParent.sys.mjs, line 119: TypeError: can't access property "moduleCache", messageHandler is undefined
JavaScript error: chrome://remote/content/shared/messagehandler/transports/js-window-actors/MessageHandlerFrameParent.sys.mjs, line 119: TypeError: can't access property "moduleCache", messageHandler is undefined
JavaScript error: chrome://remote/content/shared/messagehandler/transports/js-window-actors/MessageHandlerFrameParent.sys.mjs, line 119: TypeError: can't access property "moduleCache", messageHandler is undefined
JavaScript error: chrome://remote/content/shared/messagehandler/transports/js-window-actors/MessageHandlerFrameParent.sys.mjs, line 119: TypeError: can't access property "moduleCache", messageHandler is undefined
JavaScript error: chrome://remote/content/shared/messagehandler/transports/js-window-actors/MessageHandlerFrameParent.sys.mjs, line 119: TypeError: can't access property "moduleCache", messageHandler is undefined
JavaScript error: chrome://remote/content/shared/messagehandler/transports/js-window-actors/MessageHandlerFrameParent.sys.mjs, line 119: TypeError: can't access property "moduleCache", messageHandler is undefined
JavaScript error: chrome://remote/content/shared/messagehandler/transports/js-window-actors/MessageHandlerFrameParent.sys.mjs, line 119: TypeError: can't access property "moduleCache", messageHandler is undefined
JavaScript error: chrome://remote/content/shared/messagehandler/transports/js-window-actors/MessageHandlerFrameParent.sys.mjs, line 119: TypeError: can't access property "moduleCache", messageHandler is undefined
JavaScript error: chrome://remote/content/shared/messagehandler/transports/js-window-actors/MessageHandlerFrameParent.sys.mjs, line 119: TypeError: can't access property "moduleCache", messageHandler is undefined
JavaScript error: chrome://remote/content/shared/messagehandler/transports/js-window-actors/MessageHandlerFrameParent.sys.mjs, line 119: TypeError: can't access property "moduleCache", messageHandler is undefined
JavaScript error: chrome://remote/content/shared/messagehandler/transports/js-window-actors/MessageHandlerFrameParent.sys.mjs, line 119: TypeError: can't access property "moduleCache", messageHandler is undefined
JavaScript error: chrome://remote/content/shared/messagehandler/transports/js-window-actors/MessageHandlerFrameParent.sys.mjs, line 119: TypeError: can't access property "moduleCache", messageHandler is undefined
JavaScript error: chrome://remote/content/shared/messagehandler/transports/js-window-actors/MessageHandlerFrameParent.sys.mjs, line 119: TypeError: can't access property "moduleCache", messageHandler is undefined
JavaScript error: chrome://remote/content/shared/messagehandler/transports/js-window-actors/MessageHandlerFrameParent.sys.mjs, line 119: TypeError: can't access property "moduleCache", messageHandler is undefined
JavaScript error: chrome://remote/content/shared/messagehandler/transports/js-window-actors/MessageHandlerFrameParent.sys.mjs, line 119: TypeError: can't access property "moduleCache", messageHandler is undefined
JavaScript error: chrome://remote/content/shared/messagehandler/transports/js-window-actors/MessageHandlerFrameParent.sys.mjs, line 119: TypeError: can't access property "moduleCache", messageHandler is undefined
JavaScript error: chrome://remote/content/shared/messagehandler/transports/js-window-actors/MessageHandlerFrameParent.sys.mjs, line 119: TypeError: can't access property "moduleCache", messageHandler is undefined
JavaScript error: chrome://remote/content/shared/messagehandler/transports/js-window-actors/MessageHandlerFrameParent.sys.mjs, line 119: TypeError: can't access property "moduleCache", messageHandler is undefined
JavaScript error: chrome://remote/content/shared/messagehandler/transports/js-window-actors/MessageHandlerFrameParent.sys.mjs, line 119: TypeError: can't access property "moduleCache", messageHandler is undefined
JavaScript error: chrome://remote/content/shared/messagehandler/transports/js-window-actors/MessageHandlerFrameParent.sys.mjs, line 119: TypeError: can't access property "moduleCache", messageHandler is undefined
JavaScript error: chrome://remote/content/shared/messagehandler/transports/js-window-actors/MessageHandlerFrameParent.sys.mjs, line 119: TypeError: can't access property "moduleCache", messageHandler is undefined
JavaScript error: chrome://remote/content/shared/messagehandler/transports/js-window-actors/MessageHandlerFrameParent.sys.mjs, line 119: TypeError: can't access property "moduleCache", messageHandler is undefined
JavaScript error: chrome://remote/content/shared/messagehandler/transports/js-window-actors/MessageHandlerFrameParent.sys.mjs, line 119: TypeError: can't access property "moduleCache", messageHandler is undefined
JavaScript error: chrome://remote/content/shared/messagehandler/transports/js-window-actors/MessageHandlerFrameParent.sys.mjs, line 119: TypeError: can't access property "moduleCache", messageHandler is undefined
JavaScript error: chrome://remote/content/shared/messagehandler/transports/js-window-actors/MessageHandlerFrameParent.sys.mjs, line 119: TypeError: can't access property "moduleCache", messageHandler is undefined
JavaScript error: chrome://remote/content/shared/messagehandler/transports/js-window-actors/MessageHandlerFrameParent.sys.mjs, line 119: TypeError: can't access property "moduleCache", messageHandler is undefined
JavaScript error: chrome://remote/content/shared/messagehandler/transports/js-window-actors/MessageHandlerFrameParent.sys.mjs, line 119: TypeError: can't access property "moduleCache", messageHandler is undefined
JavaScript error: chrome://remote/content/shared/messagehandler/transports/js-window-actors/MessageHandlerFrameParent.sys.mjs, line 119: TypeError: can't access property "moduleCache", messageHandler is undefined
JavaScript error: chrome://remote/content/shared/NetworkDecodedBodySizeMap.sys.mjs, line 83: TypeError: can't access property "delete", this[#authenticationAttemptsMap] is null
JavaScript error: chrome://remote/content/shared/NetworkDecodedBodySizeMap.sys.mjs, line 83: TypeError: can't access property "delete", this[#authenticationAttemptsMap] is null
JavaScript error: chrome://remote/content/shared/NetworkDecodedBodySizeMap.sys.mjs, line 83: TypeError: can't access property "delete", this[#authenticationAttemptsMap] is null
console.error: "Failed to fetch https://ads.mozilla.org/v1/delete_user:" "NetworkError when attempting to fetch resource."
JavaScript error: chrome://remote/content/shared/messagehandler/transports/js-window-actors/MessageHandlerFrameParent.sys.mjs, line 119: TypeError: can't access property "moduleCache", messageHandler is undefined
JavaScript error: chrome://remote/content/shared/messagehandler/transports/js-window-actors/MessageHandlerFrameParent.sys.mjs, line 119: TypeError: can't access property "moduleCache", messageHandler is undefined
JavaScript error: chrome://remote/content/shared/messagehandler/transports/js-window-actors/MessageHandlerFrameParent.sys.mjs, line 119: TypeError: can't access property "moduleCache", messageHandler is undefined
JavaScript error: chrome://remote/content/shared/messagehandler/transports/js-window-actors/MessageHandlerFrameParent.sys.mjs, line 119: TypeError: can't access property "moduleCache", messageHandler is undefined
console.warn: TopSitesFeed: Failed to fetch data from MARS server: NetworkError when attempting to fetch resource.
console.error: (new InvalidStateError("JSWindowActorChild.sendAsyncMessage: JSWindowActorChild cannot send at the moment", (void 0), 103))
console.error: (new InvalidStateError("JSWindowActorChild.sendAsyncMessage: JSWindowActorChild cannot send at the moment", (void 0), 103))
console.error: (new InvalidStateError("JSWindowActorChild.sendAsyncMessage: JSWindowActorChild cannot send at the moment", (void 0), 103))
console.error: (new InvalidStateError("JSWindowActorChild.sendAsyncMessage: JSWindowActorChild cannot send at the moment", (void 0), 103))
console.error: (new InvalidStateError("JSWindowActorChild.sendAsyncMessage: JSWindowActorChild cannot send at the moment", (void 0), 103))
console.error: (new InvalidStateError("JSWindowActorChild.sendAsyncMessage: JSWindowActorChild cannot send at the moment", (void 0), 103))
console.error: (new InvalidStateError("JSWindowActorChild.sendAsyncMessage: JSWindowActorChild cannot send at the moment", (void 0), 103))
console.error: (new InvalidStateError("JSWindowActorChild.sendAsyncMessage: JSWindowActorChild cannot send at the moment", (void 0), 103))
console.error: (new InvalidStateError("JSWindowActorChild.sendAsyncMessage: JSWindowActorChild cannot send at the moment", (void 0), 103))
console.error: (new InvalidStateError("JSWindowActorChild.sendAsyncMessage: JSWindowActorChild cannot send at the moment", (void 0), 103))
console.error: (new InvalidStateError("JSWindowActorChild.sendAsyncMessage: JSWindowActorChild cannot send at the moment", (void 0), 103))
console.error: (new InvalidStateError("JSWindowActorChild.sendAsyncMessage: JSWindowActorChild cannot send at the moment", (void 0), 103))
console.error: (new InvalidStateError("JSWindowActorChild.sendAsyncMessage: JSWindowActorChild cannot send at the moment", (void 0), 103))
console.error: (new InvalidStateError("JSWindowActorChild.sendAsyncMessage: JSWindowActorChild cannot send at the moment", (void 0), 103))
JavaScript error: resource://services-settings/RemoteSettingsClient.sys.mjs, line 101: Error: Unknown callback
1754480306907	mozrunner::runner	INFO	Running command: "C:\\Program Files\\Mozilla Firefox\\firefox.exe" "--marionette" "--width=1920" "--height=1080" "--remote-de ... 0" "--remote-allow-hosts" "localhost" "-no-remote" "-profile" "C:\\Users\\allal\\AppData\\Local\\Temp\\rust_mozprofileoDgPCN"
console.warn: services.settings: Ignoring preference override of remote settings server
console.warn: services.settings: Allow by setting MOZ_REMOTE_SETTINGS_DEVTOOLS=1 in the environment
Dynamically enable window occlusion 0
1754480307228	Marionette	INFO	Marionette enabled
console.error: "Warning: unrecognized command line flag" "-width"
console.error: "Warning: unrecognized command line flag" "-height"
1754480307385	Marionette	INFO	Listening on port 61686
WebDriver BiDi listening on ws://127.0.0.1:61687
Read port: 61686
1754480309259	RemoteAgent	INFO	Perform WebSocket upgrade for incoming connection from 127.0.0.1:61695
JavaScript warning: https://cdn.sift.com/s.js, line 26: WEBGL_debug_renderer_info is deprecated in Firefox and will be removed. Please use RENDERER.
JavaScript error: chrome://remote/content/shared/Realm.sys.mjs, line 184: TypeError: argument is not a global object
JavaScript warning: https://player.vimeo.com/video/1075277174?autoplay=true&muted=true&loop=true&controls=false&quality=auto&autopause=true, line 86: unreachable code after return statement
console.error: (new InvalidStateError("JSWindowActorChild.sendAsyncMessage: JSWindowActorChild cannot send at the moment", (void 0), 103))
console.error: (new InvalidStateError("JSWindowActorChild.sendAsyncMessage: JSWindowActorChild cannot send at the moment", (void 0), 103))
JavaScript error: chrome://remote/content/shared/Realm.sys.mjs, line 184: TypeError: argument is not a global object
1754480312136	Marionette	INFO	Stopped listening on port 61686
JavaScript error: chrome://remote/content/shared/NetworkDecodedBodySizeMap.sys.mjs, line 32: TypeError: can't access property "get", this[#channelIdToBodySizeMap] is null
JavaScript error: chrome://remote/content/shared/NetworkDecodedBodySizeMap.sys.mjs, line 83: TypeError: can't access property "delete", this[#authenticationAttemptsMap] is null
JavaScript error: chrome://remote/content/shared/messagehandler/transports/js-window-actors/MessageHandlerFrameParent.sys.mjs, line 119: TypeError: can't access property "moduleCache", messageHandler is undefined
Dynamically enable window occlusion 1
JavaScript error: chrome://remote/content/shared/messagehandler/transports/js-window-actors/MessageHandlerFrameParent.sys.mjs, line 119: TypeError: can't access property "moduleCache", messageHandler is undefined
JavaScript error: chrome://remote/content/shared/NetworkDecodedBodySizeMap.sys.mjs, line 32: TypeError: can't access property "get", this[#channelIdToBodySizeMap] is null
JavaScript error: chrome://remote/content/shared/NetworkDecodedBodySizeMap.sys.mjs, line 32: TypeError: can't access property "get", this[#channelIdToBodySizeMap] is null
JavaScript error: chrome://remote/content/shared/NetworkDecodedBodySizeMap.sys.mjs, line 32: TypeError: can't access property "get", this[#channelIdToBodySizeMap] is null
JavaScript error: chrome://remote/content/shared/NetworkDecodedBodySizeMap.sys.mjs, line 32: TypeError: can't access property "get", this[#channelIdToBodySizeMap] is null
JavaScript error: chrome://remote/content/shared/NetworkDecodedBodySizeMap.sys.mjs, line 32: TypeError: can't access property "get", this[#channelIdToBodySizeMap] is null
JavaScript error: chrome://remote/content/shared/NetworkDecodedBodySizeMap.sys.mjs, line 32: TypeError: can't access property "get", this[#channelIdToBodySizeMap] is null
JavaScript error: chrome://remote/content/shared/NetworkDecodedBodySizeMap.sys.mjs, line 32: TypeError: can't access property "get", this[#channelIdToBodySizeMap] is null
JavaScript error: chrome://remote/content/shared/NetworkDecodedBodySizeMap.sys.mjs, line 32: TypeError: can't access property "get", this[#channelIdToBodySizeMap] is null
JavaScript error: chrome://remote/content/shared/NetworkDecodedBodySizeMap.sys.mjs, line 32: TypeError: can't access property "get", this[#channelIdToBodySizeMap] is null
JavaScript error: chrome://remote/content/shared/NetworkDecodedBodySizeMap.sys.mjs, line 83: TypeError: can't access property "delete", this[#authenticationAttemptsMap] is null
JavaScript error: chrome://remote/content/shared/NetworkDecodedBodySizeMap.sys.mjs, line 32: TypeError: can't access property "get", this[#channelIdToBodySizeMap] is null
JavaScript error: chrome://remote/content/shared/NetworkDecodedBodySizeMap.sys.mjs, line 32: TypeError: can't access property "get", this[#channelIdToBodySizeMap] is null
JavaScript error: chrome://remote/content/shared/NetworkDecodedBodySizeMap.sys.mjs, line 32: TypeError: can't access property "get", this[#channelIdToBodySizeMap] is null
JavaScript error: chrome://remote/content/shared/NetworkDecodedBodySizeMap.sys.mjs, line 32: TypeError: can't access property "get", this[#channelIdToBodySizeMap] is null
JavaScript error: chrome://remote/content/shared/NetworkDecodedBodySizeMap.sys.mjs, line 32: TypeError: can't access property "get", this[#channelIdToBodySizeMap] is null
JavaScript error: chrome://remote/content/shared/NetworkDecodedBodySizeMap.sys.mjs, line 32: TypeError: can't access property "get", this[#channelIdToBodySizeMap] is null
JavaScript error: chrome://remote/content/shared/NetworkDecodedBodySizeMap.sys.mjs, line 32: TypeError: can't access property "get", this[#channelIdToBodySizeMap] is null
JavaScript error: chrome://remote/content/shared/NetworkDecodedBodySizeMap.sys.mjs, line 32: TypeError: can't access property "get", this[#channelIdToBodySizeMap] is null
JavaScript error: chrome://remote/content/shared/NetworkDecodedBodySizeMap.sys.mjs, line 32: TypeError: can't access property "get", this[#channelIdToBodySizeMap] is null
JavaScript error: chrome://remote/content/shared/NetworkDecodedBodySizeMap.sys.mjs, line 32: TypeError: can't access property "get", this[#channelIdToBodySizeMap] is null
JavaScript error: chrome://remote/content/shared/NetworkDecodedBodySizeMap.sys.mjs, line 32: TypeError: can't access property "get", this[#channelIdToBodySizeMap] is null
JavaScript error: chrome://remote/content/shared/NetworkDecodedBodySizeMap.sys.mjs, line 32: TypeError: can't access property "get", this[#channelIdToBodySizeMap] is null
JavaScript error: chrome://remote/content/shared/NetworkDecodedBodySizeMap.sys.mjs, line 32: TypeError: can't access property "get", this[#channelIdToBodySizeMap] is null
JavaScript error: chrome://remote/content/shared/NetworkDecodedBodySizeMap.sys.mjs, line 32: TypeError: can't access property "get", this[#channelIdToBodySizeMap] is null
JavaScript error: chrome://remote/content/shared/NetworkDecodedBodySizeMap.sys.mjs, line 32: TypeError: can't access property "get", this[#channelIdToBodySizeMap] is null
JavaScript error: chrome://remote/content/shared/NetworkDecodedBodySizeMap.sys.mjs, line 32: TypeError: can't access property "get", this[#channelIdToBodySizeMap] is null
JavaScript error: chrome://remote/content/shared/NetworkDecodedBodySizeMap.sys.mjs, line 32: TypeError: can't access property "get", this[#channelIdToBodySizeMap] is null
JavaScript error: chrome://remote/content/shared/NetworkDecodedBodySizeMap.sys.mjs, line 32: TypeError: can't access property "get", this[#channelIdToBodySizeMap] is null
JavaScript error: chrome://remote/content/shared/NetworkDecodedBodySizeMap.sys.mjs, line 32: TypeError: can't access property "get", this[#channelIdToBodySizeMap] is null
JavaScript error: chrome://remote/content/shared/NetworkDecodedBodySizeMap.sys.mjs, line 32: TypeError: can't access property "get", this[#channelIdToBodySizeMap] is null
JavaScript error: chrome://remote/content/shared/NetworkDecodedBodySizeMap.sys.mjs, line 32: TypeError: can't access property "get", this[#channelIdToBodySizeMap] is null
JavaScript error: chrome://remote/content/shared/NetworkDecodedBodySizeMap.sys.mjs, line 32: TypeError: can't access property "get", this[#channelIdToBodySizeMap] is null
JavaScript error: chrome://remote/content/shared/NetworkDecodedBodySizeMap.sys.mjs, line 32: TypeError: can't access property "get", this[#channelIdToBodySizeMap] is null
JavaScript error: chrome://remote/content/shared/NetworkDecodedBodySizeMap.sys.mjs, line 32: TypeError: can't access property "get", this[#channelIdToBodySizeMap] is null
JavaScript error: chrome://remote/content/shared/NetworkDecodedBodySizeMap.sys.mjs, line 83: TypeError: can't access property "delete", this[#authenticationAttemptsMap] is null
JavaScript error: chrome://remote/content/shared/NetworkDecodedBodySizeMap.sys.mjs, line 83: TypeError: can't access property "delete", this[#authenticationAttemptsMap] is null
JavaScript error: chrome://remote/content/shared/NetworkDecodedBodySizeMap.sys.mjs, line 83: TypeError: can't access property "delete", this[#authenticationAttemptsMap] is null
JavaScript error: chrome://remote/content/shared/NetworkDecodedBodySizeMap.sys.mjs, line 83: TypeError: can't access property "delete", this[#authenticationAttemptsMap] is null
JavaScript error: chrome://remote/content/shared/NetworkDecodedBodySizeMap.sys.mjs, line 83: TypeError: can't access property "delete", this[#authenticationAttemptsMap] is null
JavaScript error: chrome://remote/content/shared/NetworkDecodedBodySizeMap.sys.mjs, line 83: TypeError: can't access property "delete", this[#authenticationAttemptsMap] is null
JavaScript error: chrome://remote/content/shared/NetworkDecodedBodySizeMap.sys.mjs, line 83: TypeError: can't access property "delete", this[#authenticationAttemptsMap] is null
console.error: "Failed to fetch https://ads.mozilla.org/v1/delete_user:" "NetworkError when attempting to fetch resource."
console.warn: TopSitesFeed: Failed to fetch data from MARS server: NetworkError when attempting to fetch resource.
JavaScript error: resource://services-settings/RemoteSettingsClient.sys.mjs, line 101: Error: Unknown callback
