2025-08-06T18:37:45.028Z INFO webdriver: [POST] http://localhost:51257/session
2025-08-06T18:37:46.598Z INFO webdriver: Reconnect to new Bidi session at ws://127.0.0.1:52327/session/e5ebbe0d-3c82-47a2-8a94-457c2adb3e6c
2025-08-06T18:37:46.599Z INFO webdriver: Connecting to webSocketUrl ws://127.0.0.1:52327/session/e5ebbe0d-3c82-47a2-8a94-457c2adb3e6c
2025-08-06T18:37:46.609Z INFO webdriver: Connected to Bidi protocol at ws://127.0.0.1:52327/session/e5eb2025-08-06T18:37:51.486Z INFO @wdio/cli:launcher: Run onWorkerEnd hook
2025-08-06T18:37:51.489Z INFO @wdio/local-runner: Shutting down spawned worker
2025-08-06T18:37:51.742Z INFO @wdio/local-runner: Waiting for 0 to shut down gracefully
.entryAdded","browsingContext.navigationStarted"]}
2025-08-06T18:37:46.610Z INFO webdriver: BIDI COMMAND script.addPreloadScript { functionDeclaration: <PreloadScript[1319 bytes]>, contexts: undefined }
2025-08-06T18:37:46.610Z INFO webdriver: BIDI COMMAND session.subscribe {"events":["browsingContext.navigationStarted","browsingContext.fragmentNavigated","network.responseCompleted","network.beforeRequestSent","network.fetchError"]}
2025-08-06T18:37:46.611Z INFO webdriver: BIDI COMMAND session.subscribe {"events":["browsingContext.userPromptOpened"]}
2025-08-06T18:37:46.611Z INFO webdriver: BIDI COMMAND session.subscribe {"events":["browsingContext.navigationStarted"]}
2025-08-06T18:37:46.611Z INFO webdriver: COMMAND getWindowHandle()
2025-08-06T18:37:46.611Z INFO webdriver: BIDI COMMAND browsingContext.getTree {}
2025-08-06T18:37:46.612Z INFO webdriver: [GET] http://localhost:51257/session/e5ebbe0d-3c82-47a2-8a94-457c2adb3e6c/window
2025-08-06T18:37:46.649Z INFO webdriver: BIDI RESULT {"type":"success","id":2391,"result":{"subscription":"d1788a14-1b2b-4961-b518-9e20db0e06d6"}}
2025-08-06T18:37:46.650Z INFO webdriver: BIDI RESULT {"type":"success","id":2392,"result":{"contexts":[{"children":[],"context":"ae3657a5-7d40-47fc-b5db-5424c8841fb2","originalOpener":null,"url":"about:blank","userContext":"default","clientWindow":"fed2caa8-b27e-48ab-967e-16f7aa580e84","parent":null}]}}
2025-08-06T18:37:46.651Z INFO webdriverio:PolyfillManager: Adding polyfill script to context with id ae3657a5-7d40-47fc-b5db-5424c8841fb2
2025-08-06T18:37:46.651Z INFO webdriver: BIDI COMMAND script.callFunction {"functionDeclaration":"<Function[443 bytes] webdriverioPolyfill>","target":{"children":[],"context":"ae3657a5-7d40-47fc-b5db-5424c8841fb2","originalOpener":null,"url":"about:blank","userContext":"default","clientWindow":"fed2caa8-b27e-48ab-967e-16f7aa580e84","parent":null},"awaitPromise":false}
2025-08-06T18:37:46.651Z INFO webdriver: BIDI COMMAND script.addPreloadScript { functionDeclaration: <PreloadScript[443 bytes]>, contexts: ["ae3657a5-7d40-47fc-b5db-5424c8841fb2"] }
2025-08-06T18:37:46.654Z INFO webdriver: BIDI RESULT {"type":"success","id":2386,"result":{"subscription":"b8cfed52-b2e0-4483-bad9-b336c448e32a"}}
2025-08-06T18:37:46.654Z INFO webdriver: BIDI RESULT {"type":"success","id":2387,"result":{"subscription":"bc81a9d2-9d40-427a-b33a-47551fc89600"}}
2025-08-06T18:37:46.654Z INFO webdriver: BIDI RESULT {"type":"success","id":2388,"result":{"script":"382bac1c-f165-44fa-a37c-997ee0eca436"}}
2025-08-06T18:37:46.655Z INFO webdriver: BIDI RESULT {"type":"success","id":2389,"result":{"subscription":"a8540e0d-2663-4dee-892a-d31c5f798ee5"}}
2025-08-06T18:37:46.655Z INFO webdriver: BIDI RESULT {"type":"success","id":2390,"result":{"subscription":"fcea8867-be85-4d39-8b60-b8acad2fa22e"}}
2025-08-06T18:37:46.660Z INFO webdriver: RESULT ae3657a5-7d40-47fc-b5db-5424c8841fb2
2025-08-06T18:37:46.661Z INFO webdriver: BIDI RESULT {"type":"success","id":2393,"result":{"realm":"6ab0586c-391a-4212-be76-d68387aa4259","type":"success","result":{"type":"undefined"}}}
2025-08-06T18:37:46.661Z INFO webdriver: BIDI RESULT {"type":"success","id":2394,"result":{"script":"740f5597-888e-458d-8d45-36278db8e6b2"}}
2025-08-06T18:37:46.661Z INFO webdriver: BIDI COMMAND browsingContext.navigate {"context":"ae3657a5-7d40-47fc-b5db-5424c8841fb2","url":"https://portal.telnyx.com/#/login/sign-in","wait":"complete"}
2025-08-06T18:37:49.661Z INFO webdriverio:PolyfillManager: Adding polyfill script to context with id 12884901889
2025-08-06T18:37:49.661Z INFO webdriver: BIDI COMMAND script.callFunction {"functionDeclaration":"<Function[443 bytes] webdriverioPolyfill>","target":{"children":null,"context":"12884901889","originalOpener":null,"url":"about:blank","userContext":"default","clientWindow":"fed2caa8-b27e-48ab-967e-16f7aa580e84","parent":"ae3657a5-7d40-47fc-b5db-5424c8841fb2"},"awaitPromise":false}
2025-08-06T18:37:49.663Z INFO webdriver: BIDI COMMAND browsingContext.getTree {}
2025-08-06T18:37:49.664Z INFO webdriverio:PolyfillManager: Adding polyfill script to context with id 12884901890
2025-08-06T18:37:49.664Z INFO webdriver: BIDI COMMAND script.callFunction {"functionDeclaration":"<Function[443 bytes] webdriverioPolyfill>","target":{"children":null,"context":"12884901890","originalOpener":null,"url":"about:blank","userContext":"default","clientWindow":"fed2caa8-b27e-48ab-967e-16f7aa580e84","parent":"ae3657a5-7d40-47fc-b5db-5424c8841fb2"},"awaitPromise":false}
2025-08-06T18:37:49.665Z INFO webdriver: BIDI RESULT {"type":"success","id":2397,"result":{"contexts":[{"children":[{"children":[],"context":"12884901889","originalOpener":null,"url":"about:blank","userContext":"default","clientWindow":"fed2caa8-b27e-48ab-967e-16f7aa580e84"},{"children":[],"context":"12884901890","originalOpener":null,"url":"about:blank","userContext":"default","clientWindow":"fed2caa8-b27e-48ab-967e-16f7aa580e84"}],"context":"ae3657a5-7d40-47fc-b5db-5424c8841fb2","originalOpener":null,"url":"https://portal.telnyx.com/#/login/sign-in","userContext":"default","clientWindow":"fed2caa8-b27e-48ab-967e-16f7aa580e84","parent":null}]}}
2025-08-06T18:37:49.666Z INFO webdriver: BIDI COMMAND browsingContext.getTree {}
2025-08-06T18:37:49.668Z INFO webdriver: BIDI RESULT {"type":"success","id":2396,"result":{"realm":"8ed02575-2d2b-4463-bef4-f1600df1ae51","type":"success","result":{"type":"undefined"}}}
2025-08-06T18:37:49.669Z INFO webdriver: BIDI RESULT {"type":"success","id":2399,"result":{"contexts":[{"children":[{"children":[],"context":"12884901889","originalOpener":null,"url":"about:blank","userContext":"default","clientWindow":"fed2caa8-b27e-48ab-967e-16f7aa580e84"},{"children":[],"context":"12884901890","originalOpener":null,"url":"about:blank","userContext":"default","clientWindow":"fed2caa8-b27e-48ab-967e-16f7aa580e84"}],"context":"ae3657a5-7d40-47fc-b5db-5424c8841fb2","originalOpener":null,"url":"https://portal.telnyx.com/#/login/sign-in","userContext":"default","clientWindow":"fed2caa8-b27e-48ab-967e-16f7aa580e84","parent":null}]}}
2025-08-06T18:37:49.669Z INFO webdriver: BIDI RESULT {"type":"success","id":2398,"result":{"realm":"a86dd0a8-8f8b-4022-8926-66320736bad9","type":"success","result":{"type":"undefined"}}}
2025-08-06T18:37:50.334Z INFO webdriver: BIDI RESULT {"type":"success","id":2395,"result":{"navigation":"ba5343b5-3e00-4cab-b9cd-27a3228a7295","url":"https://portal.telnyx.com/#/login/sign-in"}}
2025-08-06T18:37:50.334Z INFO webdriver: COMMAND maximizeWindow()
2025-08-06T18:37:50.334Z INFO webdriver: [POST] http://localhost:51257/session/e5ebbe0d-3c82-47a2-8a94-457c2adb3e6c/window/maximize
2025-08-06T18:37:50.338Z INFO webdriver: RESULT { x: 0, y: 0, width: 1366, height: 768 }
2025-08-06T18:37:50.338Z INFO webdriver: BIDI COMMAND browsingContext.locateNodes {"locator":{"type":"css","value":"a[href=\"/#/login/password-reset\"]"},"context":"ae3657a5-7d40-47fc-b5db-5424c8841fb2"}
2025-08-06T18:37:50.343Z INFO webdriver: BIDI RESULT {"type":"success","id":2400,"result":{"nodes":[{"type":"node","sharedId":"97d56d4b-e455-4bf0-ab16-83e431124477","value":{"nodeType":1,"localName":"a","namespaceURI":"http://www.w3.org/1999/xhtml","childNodeCount":2,"attributes":{"class":"frontend-customer-portal-n6r5e1","href":"/#/login/password-reset"},"shadowRoot":null}}]}}
2025-08-06T18:37:50.345Z INFO webdriver: COMMAND elementClick("97d56d4b-e455-4bf0-ab16-83e431124477")
2025-08-06T18:37:50.345Z INFO webdriver: [POST] http://localhost:51257/session/e5ebbe0d-3c82-47a2-8a94-457c2adb3e6c/element/97d56d4b-e455-4bf0-ab16-83e431124477/click
2025-08-06T18:37:50.438Z INFO webdriverio:PolyfillManager: Adding polyfill script to context with id 12884901891
2025-08-06T18:37:50.438Z INFO webdriver: BIDI COMMAND script.callFunction {"functionDeclaration":"<Function[443 bytes] webdriverioPolyfill>","target":{"children":null,"context":"12884901891","originalOpener":null,"url":"about:blank","userContext":"default","clientWindow":"fed2caa8-b27e-48ab-967e-16f7aa580e84","parent":"ae3657a5-7d40-47fc-b5db-5424c8841fb2"},"awaitPromise":false}
2025-08-06T18:37:50.440Z INFO webdriver: BIDI COMMAND browsingContext.getTree {}
2025-08-06T18:37:50.441Z INFO webdriver: BIDI RESULT {"type":"success","id":2402,"result":{"contexts":[{"children":[{"children":[],"context":"12884901891","originalOpener":null,"url":"about:blank","userContext":"default","clientWindow":"fed2caa8-b27e-48ab-967e-16f7aa580e84"}],"context":"ae3657a5-7d40-47fc-b5db-5424c8841fb2","originalOpener":null,"url":"https://portal.telnyx.com/#/login/password-reset","userContext":"default","clientWindow":"fed2caa8-b27e-48ab-967e-16f7aa580e84","parent":null}]}}
2025-08-06T18:37:50.450Z INFO webdriver: BIDI RESULT {"type":"success","id":2401,"result":{"realm":"2fdf4f58-ad01-4c61-b784-7d96efc9e15a","type":"success","result":{"type":"undefined"}}}
2025-08-06T18:37:50.488Z INFO webdriver: RESULT null
2025-08-06T18:37:50.488Z INFO webdriver: COMMAND getUrl()
2025-08-06T18:37:50.488Z INFO webdriver: [GET] http://localhost:51257/session/e5ebbe0d-3c82-47a2-8a94-457c2adb3e6c/url
2025-08-06T18:37:50.491Z INFO webdriver: RESULT https://portal.telnyx.com/#/login/password-reset
2025-08-06T18:37:50.492Z INFO webdriver: BIDI COMMAND browsingContext.locateNodes {"locator":{"type":"xpath","value":"//h1[text()=\"Password Reset\"]"},"context":"ae3657a5-7d40-47fc-b5db-5424c8841fb2"}
2025-08-06T18:37:50.494Z INFO webdriver: BIDI RESULT {"type":"success","id":2403,"result":{"nodes":[{"type":"node","sharedId":"512d42d9-895f-4460-96d1-31a311c082a6","value":{"nodeType":1,"localName":"h1","namespaceURI":"http://www.w3.org/1999/xhtml","childNodeCount":1,"attributes":{"class":"frontend-customer-portal-1ptee0p"},"shadowRoot":null}}]}}
2025-08-06T18:37:50.495Z INFO webdriver: COMMAND getElementText("512d42d9-895f-4460-96d1-31a311c082a6")
2025-08-06T18:37:50.495Z INFO webdriver: [GET] http://localhost:51257/session/e5ebbe0d-3c82-47a2-8a94-457c2adb3e6c/element/512d42d9-895f-4460-96d1-31a311c082a6/text
2025-08-06T18:37:50.502Z INFO webdriver: RESULT Password Reset
2025-08-06T18:37:50.505Z INFO webdriver: COMMAND deleteSession()
2025-08-06T18:37:50.505Z INFO webdriver: [DELETE] http://localhost:51257/session/e5ebbe0d-3c82-47a2-8a94-457c2adb3e6c
2025-08-06T18:37:51.315Z INFO webdriver: RESULT null
2025-08-06T18:37:51.315Z INFO webdriver: Close Bidi connection to ws://127.0.0.1:52327/session/e5ebbe0d-3c82-47a2-8a94-457c2adb3e6c
2025-08-06T18:37:51.315Z INFO webdriver: Kill driver process with PID 27528
