1754472318409	geckodriver	INFO	Listening on 0.0.0.0:60266
1754472318434	mozrunner::runner	INFO	Running command: "C:\\Program Files\\Mozilla Firefox\\firefox.exe" "--marionette" "-headless" "--width=1920" "--height=1080"  ... 0" "--remote-allow-hosts" "localhost" "-no-remote" "-profile" "C:\\Users\\allal\\AppData\\Local\\Temp\\rust_mozprofiledCE735"
*** You are running in headless mode.
console.warn: services.settings: Ignoring preference override of remote settings server
console.warn: services.settings: Allow by setting MOZ_REMOTE_SETTINGS_DEVTOOLS=1 in the environment
Dynamically enable window occlusion 0
1754472318714	Marionette	INFO	Marionette enabled
console.error: "Warning: unrecognized command line flag" "-width"
console.error: "Warning: unrecognized command line flag" "-height"
1754472318861	Marionette	INFO	Listening on port 60273
WebDriver BiDi listening on ws://127.0.0.1:60274
Read port: 60273
[GFX1-]: RenderCompositorSWGL failed mapping default framebuffer, no dt
console.error: [Exception... "Component returned failure code: 0x80070057 (NS_ERROR_ILLEGAL_VALUE) [nsIWinTaskbar.getTaskbarProgress]"  nsresult: "0x80070057 (NS_ERROR_ILLEGAL_VALUE)"  location: "JS frame :: resource:///modules/DownloadsTaskbar.sys.mjs :: _attachIndicator :: line 127"  data: no]
1754472320041	RemoteAgent	INFO	Perform WebSocket upgrade for incoming connection from 127.0.0.1:60292
1754472320120	Marionette	INFO	Stopped listening on port 60273
Dynamically enable window occlusion 1
console.error: services.settings: 
  main/remote-permissions: Signature of bundled changeset is invalid: [Exception... "<no message>"  nsresult: "0x8046001e (<unknown>)"  location: "JS frame :: resource://gre/modules/ServiceRequest.sys.mjs :: open :: line 126"  data: no].
console.error: services.settings: 
  main/search-categorization: Signature of bundled changeset is invalid: [Exception... "<no message>"  nsresult: "0x8046001e (<unknown>)"  location: "JS frame :: resource://gre/modules/ServiceRequest.sys.mjs :: open :: line 126"  data: no].
console.error: services.settings: 
  main/third-party-cookie-blocking-exempt-urls: Signature of bundled changeset is invalid: [Exception... "<no message>"  nsresult: "0x8046001e (<unknown>)"  location: "JS frame :: resource://gre/modules/ServiceRequest.sys.mjs :: open :: line 126"  data: no].
console.error: services.settings: 
  main/query-stripping: Signature of bundled changeset is invalid: [Exception... "<no message>"  nsresult: "0x8046001e (<unknown>)"  location: "JS frame :: resource://gre/modules/ServiceRequest.sys.mjs :: open :: line 126"  data: no].
console.error: services.settings: 
  main/doh-providers: Signature of bundled changeset is invalid: [Exception... "<no message>"  nsresult: "0x8046001e (<unknown>)"  location: "JS frame :: resource://gre/modules/ServiceRequest.sys.mjs :: open :: line 126"  data: no].
console.error: services.settings: 
Object
  - prototype Object
    - columnNumber = 0
    - data = null
    - filename = resource://gre/modules/ServiceRequest.sys.mjs
    - lineNumber = 126
    - location = {"name":"open","filename":"resource://gre/modules/ServiceRequest.sys.mjs","sourceId":32,"lineNumber":126,"columnNumber":11,"asyncCause":null,"asyncCaller":null,"caller":{"filename":"resource://services-settings/Utils.sys.mjs","name":"fetch/<","sourceId":31,"lineNumber":268,"columnNumber":15,"asyncCause":null,"asyncCaller":null,"caller":{"filename":"resource://services-settings/Utils.sys.mjs","name":"fetch","sourceId":31,"lineNumber":219,"columnNumber":12,"asyncCause":null,"asyncCaller":null,"caller":{"filename":"resource://services-settings/Utils.sys.mjs","name":"fetchLatestChanges","sourceId":31,"lineNumber":429,"columnNumber":34,"asyncCause":null,"asyncCaller":null,"caller":{"filename":"resource://services-settings/RemoteSettingsClient.sys.mjs","name":"sync","sourceId":29,"lineNumber":657,"columnNumber":42,"asyncCause":null,"asyncCaller":null,"caller":{"filename":"resource://services-settings/RemoteSettingsClient.sys.mjs","name":"get/this._importingPromise<","sourceId":29,"lineNumber":499,"columnNumber":28,"asyncCause":null,"asyncCaller":null,"caller":null,"formattedStack":"get/this._importingPromise<@resource://services-settings/RemoteSettingsClient.sys.mjs:499:28\n","nativeSavedFrame":{}},"formattedStack":"sync@resource://services-settings/RemoteSettingsClient.sys.mjs:657:42\nget/this._importingPromise<@resource://services-settings/RemoteSettingsClient.sys.mjs:499:28\n","nativeSavedFrame":{}},"formattedStack":"fetchLatestChanges@resource://services-settings/Utils.sys.mjs:429:34\nsync@resource://services-settings/RemoteSettingsClient.sys.mjs:657:42\nget/this._importingPromise<@resource://services-settings/RemoteSettingsClient.sys.mjs:499:28\n","nativeSavedFrame":{}},"formattedStack":"fetch@resource://services-settings/Utils.sys.mjs:219:12\nfetchLatestChanges@resource://services-settings/Utils.sys.mjs:429:34\nsync@resource://services-settings/RemoteSettingsClient.sys.mjs:657:42\nget/this._importingPromise<@resource://services-settings/RemoteSettingsClient.sys.mjs:499:28\n","nativeSavedFrame":{}},"formattedStack":"fetch/<@resource://services-settings/Utils.sys.mjs:268:15\nfetch@resource://services-settings/Utils.sys.mjs:219:12\nfetchLatestChanges@resource://services-settings/Utils.sys.mjs:429:34\nsync@resource://services-settings/RemoteSettingsClient.sys.mjs:657:42\nget/this._importingPromise<@resource://services-settings/RemoteSettingsClient.sys.mjs:499:28\n","nativeSavedFrame":{}},"formattedStack":"open@resource://gre/modules/ServiceRequest.sys.mjs:126:11\nfetch/<@resource://services-settings/Utils.sys.mjs:268:15\nfetch@resource://services-settings/Utils.sys.mjs:219:12\nfetchLatestChanges@resource://services-settings/Utils.sys.mjs:429:34\nsync@resource://services-settings/RemoteSettingsClient.sys.mjs:657:42\nget/this._importingPromise<@resource://services-settings/RemoteSettingsClient.sys.mjs:499:28\n","nativeSavedFrame":{}}
    - message = 
    - name = 
    - result = 2152071198
    - stack = open@resource://gre/modules/ServiceRequest.sys.mjs:126:11|fetch/<@resource://services-settings/Utils.sys.mjs:268:15|fetch@resource://services-settings/Utils.sys.mjs:219:12|fetchLatestChanges@resource://services-settings/Utils.sys.mjs:429:34|sync@resource://services-settings/RemoteSettingsClient.sys.mjs:657:42|get/this._importingPromise<@resource://services-settings/RemoteSettingsClient.sys.mjs:499:28|
  - prototype Object
console.error: services.settings: 
Object
  - prototype Object
    - columnNumber = 0
    - data = null
    - filename = resource://gre/modules/ServiceRequest.sys.mjs
    - lineNumber = 126
    - location = {"name":"open","filename":"resource://gre/modules/ServiceRequest.sys.mjs","sourceId":32,"lineNumber":126,"columnNumber":11,"asyncCause":null,"asyncCaller":null,"caller":{"filename":"resource://services-settings/Utils.sys.mjs","name":"fetch/<","sourceId":31,"lineNumber":268,"columnNumber":15,"asyncCause":null,"asyncCaller":null,"caller":{"filename":"resource://services-settings/Utils.sys.mjs","name":"fetch","sourceId":31,"lineNumber":219,"columnNumber":12,"asyncCause":null,"asyncCaller":null,"caller":{"filename":"resource://services-settings/Utils.sys.mjs","name":"fetchLatestChanges","sourceId":31,"lineNumber":429,"columnNumber":34,"asyncCause":null,"asyncCaller":null,"caller":{"filename":"resource://services-settings/RemoteSettingsClient.sys.mjs","name":"sync","sourceId":29,"lineNumber":657,"columnNumber":42,"asyncCause":null,"asyncCaller":null,"caller":{"filename":"resource://services-settings/RemoteSettingsClient.sys.mjs","name":"get/this._importingPromise<","sourceId":29,"lineNumber":499,"columnNumber":28,"asyncCause":null,"asyncCaller":null,"caller":null,"formattedStack":"get/this._importingPromise<@resource://services-settings/RemoteSettingsClient.sys.mjs:499:28\n","nativeSavedFrame":{}},"formattedStack":"sync@resource://services-settings/RemoteSettingsClient.sys.mjs:657:42\nget/this._importingPromise<@resource://services-settings/RemoteSettingsClient.sys.mjs:499:28\n","nativeSavedFrame":{}},"formattedStack":"fetchLatestChanges@resource://services-settings/Utils.sys.mjs:429:34\nsync@resource://services-settings/RemoteSettingsClient.sys.mjs:657:42\nget/this._importingPromise<@resource://services-settings/RemoteSettingsClient.sys.mjs:499:28\n","nativeSavedFrame":{}},"formattedStack":"fetch@resource://services-settings/Utils.sys.mjs:219:12\nfetchLatestChanges@resource://services-settings/Utils.sys.mjs:429:34\nsync@resource://services-settings/RemoteSettingsClient.sys.mjs:657:42\nget/this._importingPromise<@resource://services-settings/RemoteSettingsClient.sys.mjs:499:28\n","nativeSavedFrame":{}},"formattedStack":"fetch/<@resource://services-settings/Utils.sys.mjs:268:15\nfetch@resource://services-settings/Utils.sys.mjs:219:12\nfetchLatestChanges@resource://services-settings/Utils.sys.mjs:429:34\nsync@resource://services-settings/RemoteSettingsClient.sys.mjs:657:42\nget/this._importingPromise<@resource://services-settings/RemoteSettingsClient.sys.mjs:499:28\n","nativeSavedFrame":{}},"formattedStack":"open@resource://gre/modules/ServiceRequest.sys.mjs:126:11\nfetch/<@resource://services-settings/Utils.sys.mjs:268:15\nfetch@resource://services-settings/Utils.sys.mjs:219:12\nfetchLatestChanges@resource://services-settings/Utils.sys.mjs:429:34\nsync@resource://services-settings/RemoteSettingsClient.sys.mjs:657:42\nget/this._importingPromise<@resource://services-settings/RemoteSettingsClient.sys.mjs:499:28\n","nativeSavedFrame":{}}
    - message = 
    - name = 
    - result = 2152071198
    - stack = open@resource://gre/modules/ServiceRequest.sys.mjs:126:11|fetch/<@resource://services-settings/Utils.sys.mjs:268:15|fetch@resource://services-settings/Utils.sys.mjs:219:12|fetchLatestChanges@resource://services-settings/Utils.sys.mjs:429:34|sync@resource://services-settings/RemoteSettingsClient.sys.mjs:657:42|get/this._importingPromise<@resource://services-settings/RemoteSettingsClient.sys.mjs:499:28|
  - prototype Object
console.error: services.settings: 
Object
  - prototype Object
    - columnNumber = 0
    - data = null
    - filename = resource://gre/modules/ServiceRequest.sys.mjs
    - lineNumber = 126
    - location = {"name":"open","filename":"resource://gre/modules/ServiceRequest.sys.mjs","sourceId":32,"lineNumber":126,"columnNumber":11,"asyncCause":null,"asyncCaller":null,"caller":{"filename":"resource://services-settings/Utils.sys.mjs","name":"fetch/<","sourceId":31,"lineNumber":268,"columnNumber":15,"asyncCause":null,"asyncCaller":null,"caller":{"filename":"resource://services-settings/Utils.sys.mjs","name":"fetch","sourceId":31,"lineNumber":219,"columnNumber":12,"asyncCause":null,"asyncCaller":null,"caller":{"filename":"resource://services-settings/Utils.sys.mjs","name":"fetchLatestChanges","sourceId":31,"lineNumber":429,"columnNumber":34,"asyncCause":null,"asyncCaller":null,"caller":{"filename":"resource://services-settings/RemoteSettingsClient.sys.mjs","name":"sync","sourceId":29,"lineNumber":657,"columnNumber":42,"asyncCause":null,"asyncCaller":null,"caller":{"filename":"resource://services-settings/RemoteSettingsClient.sys.mjs","name":"get/this._importingPromise<","sourceId":29,"lineNumber":499,"columnNumber":28,"asyncCause":null,"asyncCaller":null,"caller":null,"formattedStack":"get/this._importingPromise<@resource://services-settings/RemoteSettingsClient.sys.mjs:499:28\n","nativeSavedFrame":{}},"formattedStack":"sync@resource://services-settings/RemoteSettingsClient.sys.mjs:657:42\nget/this._importingPromise<@resource://services-settings/RemoteSettingsClient.sys.mjs:499:28\n","nativeSavedFrame":{}},"formattedStack":"fetchLatestChanges@resource://services-settings/Utils.sys.mjs:429:34\nsync@resource://services-settings/RemoteSettingsClient.sys.mjs:657:42\nget/this._importingPromise<@resource://services-settings/RemoteSettingsClient.sys.mjs:499:28\n","nativeSavedFrame":{}},"formattedStack":"fetch@resource://services-settings/Utils.sys.mjs:219:12\nfetchLatestChanges@resource://services-settings/Utils.sys.mjs:429:34\nsync@resource://services-settings/RemoteSettingsClient.sys.mjs:657:42\nget/this._importingPromise<@resource://services-settings/RemoteSettingsClient.sys.mjs:499:28\n","nativeSavedFrame":{}},"formattedStack":"fetch/<@resource://services-settings/Utils.sys.mjs:268:15\nfetch@resource://services-settings/Utils.sys.mjs:219:12\nfetchLatestChanges@resource://services-settings/Utils.sys.mjs:429:34\nsync@resource://services-settings/RemoteSettingsClient.sys.mjs:657:42\nget/this._importingPromise<@resource://services-settings/RemoteSettingsClient.sys.mjs:499:28\n","nativeSavedFrame":{}},"formattedStack":"open@resource://gre/modules/ServiceRequest.sys.mjs:126:11\nfetch/<@resource://services-settings/Utils.sys.mjs:268:15\nfetch@resource://services-settings/Utils.sys.mjs:219:12\nfetchLatestChanges@resource://services-settings/Utils.sys.mjs:429:34\nsync@resource://services-settings/RemoteSettingsClient.sys.mjs:657:42\nget/this._importingPromise<@resource://services-settings/RemoteSettingsClient.sys.mjs:499:28\n","nativeSavedFrame":{}}
    - message = 
    - name = 
    - result = 2152071198
    - stack = open@resource://gre/modules/ServiceRequest.sys.mjs:126:11|fetch/<@resource://services-settings/Utils.sys.mjs:268:15|fetch@resource://services-settings/Utils.sys.mjs:219:12|fetchLatestChanges@resource://services-settings/Utils.sys.mjs:429:34|sync@resource://services-settings/RemoteSettingsClient.sys.mjs:657:42|get/this._importingPromise<@resource://services-settings/RemoteSettingsClient.sys.mjs:499:28|
  - prototype Object
console.error: services.settings: 
Object
  - prototype Object
    - columnNumber = 0
    - data = null
    - filename = resource://gre/modules/ServiceRequest.sys.mjs
    - lineNumber = 126
    - location = {"name":"open","filename":"resource://gre/modules/ServiceRequest.sys.mjs","sourceId":32,"lineNumber":126,"columnNumber":11,"asyncCause":null,"asyncCaller":null,"caller":{"filename":"resource://services-settings/Utils.sys.mjs","name":"fetch/<","sourceId":31,"lineNumber":268,"columnNumber":15,"asyncCause":null,"asyncCaller":null,"caller":{"filename":"resource://services-settings/Utils.sys.mjs","name":"fetch","sourceId":31,"lineNumber":219,"columnNumber":12,"asyncCause":null,"asyncCaller":null,"caller":{"filename":"resource://services-settings/Utils.sys.mjs","name":"fetchLatestChanges","sourceId":31,"lineNumber":429,"columnNumber":34,"asyncCause":null,"asyncCaller":null,"caller":{"filename":"resource://services-settings/RemoteSettingsClient.sys.mjs","name":"sync","sourceId":29,"lineNumber":657,"columnNumber":42,"asyncCause":null,"asyncCaller":null,"caller":{"filename":"resource://services-settings/RemoteSettingsClient.sys.mjs","name":"get/this._importingPromise<","sourceId":29,"lineNumber":499,"columnNumber":28,"asyncCause":null,"asyncCaller":null,"caller":null,"formattedStack":"get/this._importingPromise<@resource://services-settings/RemoteSettingsClient.sys.mjs:499:28\n","nativeSavedFrame":{}},"formattedStack":"sync@resource://services-settings/RemoteSettingsClient.sys.mjs:657:42\nget/this._importingPromise<@resource://services-settings/RemoteSettingsClient.sys.mjs:499:28\n","nativeSavedFrame":{}},"formattedStack":"fetchLatestChanges@resource://services-settings/Utils.sys.mjs:429:34\nsync@resource://services-settings/RemoteSettingsClient.sys.mjs:657:42\nget/this._importingPromise<@resource://services-settings/RemoteSettingsClient.sys.mjs:499:28\n","nativeSavedFrame":{}},"formattedStack":"fetch@resource://services-settings/Utils.sys.mjs:219:12\nfetchLatestChanges@resource://services-settings/Utils.sys.mjs:429:34\nsync@resource://services-settings/RemoteSettingsClient.sys.mjs:657:42\nget/this._importingPromise<@resource://services-settings/RemoteSettingsClient.sys.mjs:499:28\n","nativeSavedFrame":{}},"formattedStack":"fetch/<@resource://services-settings/Utils.sys.mjs:268:15\nfetch@resource://services-settings/Utils.sys.mjs:219:12\nfetchLatestChanges@resource://services-settings/Utils.sys.mjs:429:34\nsync@resource://services-settings/RemoteSettingsClient.sys.mjs:657:42\nget/this._importingPromise<@resource://services-settings/RemoteSettingsClient.sys.mjs:499:28\n","nativeSavedFrame":{}},"formattedStack":"open@resource://gre/modules/ServiceRequest.sys.mjs:126:11\nfetch/<@resource://services-settings/Utils.sys.mjs:268:15\nfetch@resource://services-settings/Utils.sys.mjs:219:12\nfetchLatestChanges@resource://services-settings/Utils.sys.mjs:429:34\nsync@resource://services-settings/RemoteSettingsClient.sys.mjs:657:42\nget/this._importingPromise<@resource://services-settings/RemoteSettingsClient.sys.mjs:499:28\n","nativeSavedFrame":{}}
    - message = 
    - name = 
    - result = 2152071198
    - stack = open@resource://gre/modules/ServiceRequest.sys.mjs:126:11|fetch/<@resource://services-settings/Utils.sys.mjs:268:15|fetch@resource://services-settings/Utils.sys.mjs:219:12|fetchLatestChanges@resource://services-settings/Utils.sys.mjs:429:34|sync@resource://services-settings/RemoteSettingsClient.sys.mjs:657:42|get/this._importingPromise<@resource://services-settings/RemoteSettingsClient.sys.mjs:499:28|
  - prototype Object
console.error: services.settings: 
Object
  - prototype Object
    - columnNumber = 0
    - data = null
    - filename = resource://gre/modules/ServiceRequest.sys.mjs
    - lineNumber = 126
    - location = {"name":"open","filename":"resource://gre/modules/ServiceRequest.sys.mjs","sourceId":32,"lineNumber":126,"columnNumber":11,"asyncCause":null,"asyncCaller":null,"caller":{"filename":"resource://services-settings/Utils.sys.mjs","name":"fetch/<","sourceId":31,"lineNumber":268,"columnNumber":15,"asyncCause":null,"asyncCaller":null,"caller":{"filename":"resource://services-settings/Utils.sys.mjs","name":"fetch","sourceId":31,"lineNumber":219,"columnNumber":12,"asyncCause":null,"asyncCaller":null,"caller":{"filename":"resource://services-settings/Utils.sys.mjs","name":"fetchLatestChanges","sourceId":31,"lineNumber":429,"columnNumber":34,"asyncCause":null,"asyncCaller":null,"caller":{"filename":"resource://services-settings/RemoteSettingsClient.sys.mjs","name":"sync","sourceId":29,"lineNumber":657,"columnNumber":42,"asyncCause":null,"asyncCaller":null,"caller":{"filename":"resource://services-settings/RemoteSettingsClient.sys.mjs","name":"get/this._importingPromise<","sourceId":29,"lineNumber":499,"columnNumber":28,"asyncCause":null,"asyncCaller":null,"caller":null,"formattedStack":"get/this._importingPromise<@resource://services-settings/RemoteSettingsClient.sys.mjs:499:28\n","nativeSavedFrame":{}},"formattedStack":"sync@resource://services-settings/RemoteSettingsClient.sys.mjs:657:42\nget/this._importingPromise<@resource://services-settings/RemoteSettingsClient.sys.mjs:499:28\n","nativeSavedFrame":{}},"formattedStack":"fetchLatestChanges@resource://services-settings/Utils.sys.mjs:429:34\nsync@resource://services-settings/RemoteSettingsClient.sys.mjs:657:42\nget/this._importingPromise<@resource://services-settings/RemoteSettingsClient.sys.mjs:499:28\n","nativeSavedFrame":{}},"formattedStack":"fetch@resource://services-settings/Utils.sys.mjs:219:12\nfetchLatestChanges@resource://services-settings/Utils.sys.mjs:429:34\nsync@resource://services-settings/RemoteSettingsClient.sys.mjs:657:42\nget/this._importingPromise<@resource://services-settings/RemoteSettingsClient.sys.mjs:499:28\n","nativeSavedFrame":{}},"formattedStack":"fetch/<@resource://services-settings/Utils.sys.mjs:268:15\nfetch@resource://services-settings/Utils.sys.mjs:219:12\nfetchLatestChanges@resource://services-settings/Utils.sys.mjs:429:34\nsync@resource://services-settings/RemoteSettingsClient.sys.mjs:657:42\nget/this._importingPromise<@resource://services-settings/RemoteSettingsClient.sys.mjs:499:28\n","nativeSavedFrame":{}},"formattedStack":"open@resource://gre/modules/ServiceRequest.sys.mjs:126:11\nfetch/<@resource://services-settings/Utils.sys.mjs:268:15\nfetch@resource://services-settings/Utils.sys.mjs:219:12\nfetchLatestChanges@resource://services-settings/Utils.sys.mjs:429:34\nsync@resource://services-settings/RemoteSettingsClient.sys.mjs:657:42\nget/this._importingPromise<@resource://services-settings/RemoteSettingsClient.sys.mjs:499:28\n","nativeSavedFrame":{}}
    - message = 
    - name = 
    - result = 2152071198
    - stack = open@resource://gre/modules/ServiceRequest.sys.mjs:126:11|fetch/<@resource://services-settings/Utils.sys.mjs:268:15|fetch@resource://services-settings/Utils.sys.mjs:219:12|fetchLatestChanges@resource://services-settings/Utils.sys.mjs:429:34|sync@resource://services-settings/RemoteSettingsClient.sys.mjs:657:42|get/this._importingPromise<@resource://services-settings/RemoteSettingsClient.sys.mjs:499:28|
  - prototype Object
console.error: services.settings: 
Object
  - prototype Object
    - columnNumber = 0
    - data = null
    - filename = resource://gre/modules/ServiceRequest.sys.mjs
    - lineNumber = 126
    - location = {"name":"open","filename":"resource://gre/modules/ServiceRequest.sys.mjs","sourceId":32,"lineNumber":126,"columnNumber":11,"asyncCause":null,"asyncCaller":null,"caller":{"filename":"resource://services-settings/Utils.sys.mjs","name":"fetch/<","sourceId":31,"lineNumber":268,"columnNumber":15,"asyncCause":null,"asyncCaller":null,"caller":{"filename":"resource://services-settings/Utils.sys.mjs","name":"fetch","sourceId":31,"lineNumber":219,"columnNumber":12,"asyncCause":null,"asyncCaller":null,"caller":{"filename":"resource://services-settings/Utils.sys.mjs","name":"fetchLatestChanges","sourceId":31,"lineNumber":429,"columnNumber":34,"asyncCause":null,"asyncCaller":null,"caller":{"filename":"resource://services-settings/RemoteSettingsClient.sys.mjs","name":"sync","sourceId":29,"lineNumber":657,"columnNumber":42,"asyncCause":null,"asyncCaller":null,"caller":{"filename":"resource://services-settings/RemoteSettingsClient.sys.mjs","name":"get/this._importingPromise<","sourceId":29,"lineNumber":499,"columnNumber":28,"asyncCause":null,"asyncCaller":null,"caller":null,"formattedStack":"get/this._importingPromise<@resource://services-settings/RemoteSettingsClient.sys.mjs:499:28\n","nativeSavedFrame":{}},"formattedStack":"sync@resource://services-settings/RemoteSettingsClient.sys.mjs:657:42\nget/this._importingPromise<@resource://services-settings/RemoteSettingsClient.sys.mjs:499:28\n","nativeSavedFrame":{}},"formattedStack":"fetchLatestChanges@resource://services-settings/Utils.sys.mjs:429:34\nsync@resource://services-settings/RemoteSettingsClient.sys.mjs:657:42\nget/this._importingPromise<@resource://services-settings/RemoteSettingsClient.sys.mjs:499:28\n","nativeSavedFrame":{}},"formattedStack":"fetch@resource://services-settings/Utils.sys.mjs:219:12\nfetchLatestChanges@resource://services-settings/Utils.sys.mjs:429:34\nsync@resource://services-settings/RemoteSettingsClient.sys.mjs:657:42\nget/this._importingPromise<@resource://services-settings/RemoteSettingsClient.sys.mjs:499:28\n","nativeSavedFrame":{}},"formattedStack":"fetch/<@resource://services-settings/Utils.sys.mjs:268:15\nfetch@resource://services-settings/Utils.sys.mjs:219:12\nfetchLatestChanges@resource://services-settings/Utils.sys.mjs:429:34\nsync@resource://services-settings/RemoteSettingsClient.sys.mjs:657:42\nget/this._importingPromise<@resource://services-settings/RemoteSettingsClient.sys.mjs:499:28\n","nativeSavedFrame":{}},"formattedStack":"open@resource://gre/modules/ServiceRequest.sys.mjs:126:11\nfetch/<@resource://services-settings/Utils.sys.mjs:268:15\nfetch@resource://services-settings/Utils.sys.mjs:219:12\nfetchLatestChanges@resource://services-settings/Utils.sys.mjs:429:34\nsync@resource://services-settings/RemoteSettingsClient.sys.mjs:657:42\nget/this._importingPromise<@resource://services-settings/RemoteSettingsClient.sys.mjs:499:28\n","nativeSavedFrame":{}}
    - message = 
    - name = 
    - result = 2152071198
    - stack = open@resource://gre/modules/ServiceRequest.sys.mjs:126:11|fetch/<@resource://services-settings/Utils.sys.mjs:268:15|fetch@resource://services-settings/Utils.sys.mjs:219:12|fetchLatestChanges@resource://services-settings/Utils.sys.mjs:429:34|sync@resource://services-settings/RemoteSettingsClient.sys.mjs:657:42|get/this._importingPromise<@resource://services-settings/RemoteSettingsClient.sys.mjs:499:28|
  - prototype Object
console.error: services.settings: 
Object
  - prototype Object
    - columnNumber = 0
    - data = null
    - filename = resource://gre/modules/ServiceRequest.sys.mjs
    - lineNumber = 126
    - location = {"name":"open","filename":"resource://gre/modules/ServiceRequest.sys.mjs","sourceId":32,"lineNumber":126,"columnNumber":11,"asyncCause":null,"asyncCaller":null,"caller":{"filename":"resource://services-settings/Utils.sys.mjs","name":"fetch/<","sourceId":31,"lineNumber":268,"columnNumber":15,"asyncCause":null,"asyncCaller":null,"caller":{"filename":"resource://services-settings/Utils.sys.mjs","name":"fetch","sourceId":31,"lineNumber":219,"columnNumber":12,"asyncCause":null,"asyncCaller":null,"caller":{"filename":"resource://services-settings/Utils.sys.mjs","name":"fetchLatestChanges","sourceId":31,"lineNumber":429,"columnNumber":34,"asyncCause":null,"asyncCaller":null,"caller":{"filename":"resource://services-settings/RemoteSettingsClient.sys.mjs","name":"sync","sourceId":29,"lineNumber":657,"columnNumber":42,"asyncCause":null,"asyncCaller":null,"caller":{"filename":"resource://services-settings/RemoteSettingsClient.sys.mjs","name":"get/this._importingPromise<","sourceId":29,"lineNumber":499,"columnNumber":28,"asyncCause":null,"asyncCaller":null,"caller":null,"formattedStack":"get/this._importingPromise<@resource://services-settings/RemoteSettingsClient.sys.mjs:499:28\n","nativeSavedFrame":{}},"formattedStack":"sync@resource://services-settings/RemoteSettingsClient.sys.mjs:657:42\nget/this._importingPromise<@resource://services-settings/RemoteSettingsClient.sys.mjs:499:28\n","nativeSavedFrame":{}},"formattedStack":"fetchLatestChanges@resource://services-settings/Utils.sys.mjs:429:34\nsync@resource://services-settings/RemoteSettingsClient.sys.mjs:657:42\nget/this._importingPromise<@resource://services-settings/RemoteSettingsClient.sys.mjs:499:28\n","nativeSavedFrame":{}},"formattedStack":"fetch@resource://services-settings/Utils.sys.mjs:219:12\nfetchLatestChanges@resource://services-settings/Utils.sys.mjs:429:34\nsync@resource://services-settings/RemoteSettingsClient.sys.mjs:657:42\nget/this._importingPromise<@resource://services-settings/RemoteSettingsClient.sys.mjs:499:28\n","nativeSavedFrame":{}},"formattedStack":"fetch/<@resource://services-settings/Utils.sys.mjs:268:15\nfetch@resource://services-settings/Utils.sys.mjs:219:12\nfetchLatestChanges@resource://services-settings/Utils.sys.mjs:429:34\nsync@resource://services-settings/RemoteSettingsClient.sys.mjs:657:42\nget/this._importingPromise<@resource://services-settings/RemoteSettingsClient.sys.mjs:499:28\n","nativeSavedFrame":{}},"formattedStack":"open@resource://gre/modules/ServiceRequest.sys.mjs:126:11\nfetch/<@resource://services-settings/Utils.sys.mjs:268:15\nfetch@resource://services-settings/Utils.sys.mjs:219:12\nfetchLatestChanges@resource://services-settings/Utils.sys.mjs:429:34\nsync@resource://services-settings/RemoteSettingsClient.sys.mjs:657:42\nget/this._importingPromise<@resource://services-settings/RemoteSettingsClient.sys.mjs:499:28\n","nativeSavedFrame":{}}
    - message = 
    - name = 
    - result = 2152071198
    - stack = open@resource://gre/modules/ServiceRequest.sys.mjs:126:11|fetch/<@resource://services-settings/Utils.sys.mjs:268:15|fetch@resource://services-settings/Utils.sys.mjs:219:12|fetchLatestChanges@resource://services-settings/Utils.sys.mjs:429:34|sync@resource://services-settings/RemoteSettingsClient.sys.mjs:657:42|get/this._importingPromise<@resource://services-settings/RemoteSettingsClient.sys.mjs:499:28|
  - prototype Object
console.error: services.settings: 
Object
  - prototype Object
    - columnNumber = 0
    - data = null
    - filename = resource://gre/modules/ServiceRequest.sys.mjs
    - lineNumber = 126
    - location = {"name":"open","filename":"resource://gre/modules/ServiceRequest.sys.mjs","sourceId":32,"lineNumber":126,"columnNumber":11,"asyncCause":null,"asyncCaller":null,"caller":{"filename":"resource://services-settings/Utils.sys.mjs","name":"fetch/<","sourceId":31,"lineNumber":268,"columnNumber":15,"asyncCause":null,"asyncCaller":null,"caller":{"filename":"resource://services-settings/Utils.sys.mjs","name":"fetch","sourceId":31,"lineNumber":219,"columnNumber":12,"asyncCause":null,"asyncCaller":null,"caller":{"filename":"resource://services-settings/Utils.sys.mjs","name":"fetchLatestChanges","sourceId":31,"lineNumber":429,"columnNumber":34,"asyncCause":null,"asyncCaller":null,"caller":{"filename":"resource://services-settings/RemoteSettingsClient.sys.mjs","name":"sync","sourceId":29,"lineNumber":657,"columnNumber":42,"asyncCause":null,"asyncCaller":null,"caller":{"filename":"resource://services-settings/RemoteSettingsClient.sys.mjs","name":"get/this._importingPromise<","sourceId":29,"lineNumber":499,"columnNumber":28,"asyncCause":null,"asyncCaller":null,"caller":null,"formattedStack":"get/this._importingPromise<@resource://services-settings/RemoteSettingsClient.sys.mjs:499:28\n","nativeSavedFrame":{}},"formattedStack":"sync@resource://services-settings/RemoteSettingsClient.sys.mjs:657:42\nget/this._importingPromise<@resource://services-settings/RemoteSettingsClient.sys.mjs:499:28\n","nativeSavedFrame":{}},"formattedStack":"fetchLatestChanges@resource://services-settings/Utils.sys.mjs:429:34\nsync@resource://services-settings/RemoteSettingsClient.sys.mjs:657:42\nget/this._importingPromise<@resource://services-settings/RemoteSettingsClient.sys.mjs:499:28\n","nativeSavedFrame":{}},"formattedStack":"fetch@resource://services-settings/Utils.sys.mjs:219:12\nfetchLatestChanges@resource://services-settings/Utils.sys.mjs:429:34\nsync@resource://services-settings/RemoteSettingsClient.sys.mjs:657:42\nget/this._importingPromise<@resource://services-settings/RemoteSettingsClient.sys.mjs:499:28\n","nativeSavedFrame":{}},"formattedStack":"fetch/<@resource://services-settings/Utils.sys.mjs:268:15\nfetch@resource://services-settings/Utils.sys.mjs:219:12\nfetchLatestChanges@resource://services-settings/Utils.sys.mjs:429:34\nsync@resource://services-settings/RemoteSettingsClient.sys.mjs:657:42\nget/this._importingPromise<@resource://services-settings/RemoteSettingsClient.sys.mjs:499:28\n","nativeSavedFrame":{}},"formattedStack":"open@resource://gre/modules/ServiceRequest.sys.mjs:126:11\nfetch/<@resource://services-settings/Utils.sys.mjs:268:15\nfetch@resource://services-settings/Utils.sys.mjs:219:12\nfetchLatestChanges@resource://services-settings/Utils.sys.mjs:429:34\nsync@resource://services-settings/RemoteSettingsClient.sys.mjs:657:42\nget/this._importingPromise<@resource://services-settings/RemoteSettingsClient.sys.mjs:499:28\n","nativeSavedFrame":{}}
    - message = 
    - name = 
    - result = 2152071198
    - stack = open@resource://gre/modules/ServiceRequest.sys.mjs:126:11|fetch/<@resource://services-settings/Utils.sys.mjs:268:15|fetch@resource://services-settings/Utils.sys.mjs:219:12|fetchLatestChanges@resource://services-settings/Utils.sys.mjs:429:34|sync@resource://services-settings/RemoteSettingsClient.sys.mjs:657:42|get/this._importingPromise<@resource://services-settings/RemoteSettingsClient.sys.mjs:499:28|
  - prototype Object
console.error: "Failed to fetch https://ads.mozilla.org/v1/delete_user:" "NetworkError when attempting to fetch resource."
console.warn: TopSitesFeed: Failed to fetch data from MARS server: NetworkError when attempting to fetch resource.
JavaScript error: resource://services-settings/RemoteSettingsClient.sys.mjs, line 101: Error: Unknown callback
1754472321116	mozrunner::runner	INFO	Running command: "C:\\Program Files\\Mozilla Firefox\\firefox.exe" "--marionette" "-headless" "--width=1920" "--height=1080"  ... 0" "--remote-allow-hosts" "localhost" "-no-remote" "-profile" "C:\\Users\\allal\\AppData\\Local\\Temp\\rust_mozprofileOo2Ygh"
*** You are running in headless mode.
console.warn: services.settings: Ignoring preference override of remote settings server
console.warn: services.settings: Allow by setting MOZ_REMOTE_SETTINGS_DEVTOOLS=1 in the environment
Dynamically enable window occlusion 0
1754472321448	Marionette	INFO	Marionette enabled
console.error: "Warning: unrecognized command line flag" "-width"
console.error: "Warning: unrecognized command line flag" "-height"
1754472321602	Marionette	INFO	Listening on port 60305
WebDriver BiDi listening on ws://127.0.0.1:60306
Read port: 60305
[GFX1-]: RenderCompositorSWGL failed mapping default framebuffer, no dt
console.error: [Exception... "Component returned failure code: 0x80070057 (NS_ERROR_ILLEGAL_VALUE) [nsIWinTaskbar.getTaskbarProgress]"  nsresult: "0x80070057 (NS_ERROR_ILLEGAL_VALUE)"  location: "JS frame :: resource:///modules/DownloadsTaskbar.sys.mjs :: _attachIndicator :: line 127"  data: no]
1754472322858	RemoteAgent	INFO	Perform WebSocket upgrade for incoming connection from 127.0.0.1:60324
1754472328909	Marionette	INFO	Stopped listening on port 60305
Dynamically enable window occlusion 1
console.error: "Failed to fetch https://ads.mozilla.org/v1/delete_user:" "NetworkError when attempting to fetch resource."
console.warn: TopSitesFeed: Failed to fetch data from MARS server: NetworkError when attempting to fetch resource.
JavaScript error: resource://services-settings/RemoteSettingsClient.sys.mjs, line 101: Error: Unknown callback
1754472330618	mozrunner::runner	INFO	Running command: "C:\\Program Files\\Mozilla Firefox\\firefox.exe" "--marionette" "-headless" "--width=1920" "--height=1080"  ... 0" "--remote-allow-hosts" "localhost" "-no-remote" "-profile" "C:\\Users\\allal\\AppData\\Local\\Temp\\rust_mozprofilefE0CvU"
*** You are running in headless mode.
console.warn: services.settings: Ignoring preference override of remote settings server
console.warn: services.settings: Allow by setting MOZ_REMOTE_SETTINGS_DEVTOOLS=1 in the environment
Dynamically enable window occlusion 0
1754472331026	Marionette	INFO	Marionette enabled
console.error: "Warning: unrecognized command line flag" "-width"
console.error: "Warning: unrecognized command line flag" "-height"
1754472331201	Marionette	INFO	Listening on port 60484
WebDriver BiDi listening on ws://127.0.0.1:60485
Read port: 60484
[GFX1-]: RenderCompositorSWGL failed mapping default framebuffer, no dt
console.error: [Exception... "Component returned failure code: 0x80070057 (NS_ERROR_ILLEGAL_VALUE) [nsIWinTaskbar.getTaskbarProgress]"  nsresult: "0x80070057 (NS_ERROR_ILLEGAL_VALUE)"  location: "JS frame :: resource:///modules/DownloadsTaskbar.sys.mjs :: _attachIndicator :: line 127"  data: no]
1754472332700	RemoteAgent	INFO	Perform WebSocket upgrade for incoming connection from 127.0.0.1:60494
1754472338783	Marionette	INFO	Stopped listening on port 60484
Dynamically enable window occlusion 1
console.error: "Failed to fetch https://ads.mozilla.org/v1/delete_user:" "NetworkError when attempting to fetch resource."
console.warn: TopSitesFeed: Failed to fetch data from MARS server: NetworkError when attempting to fetch resource.
JavaScript error: chrome://remote/content/shared/NetworkDecodedBodySizeMap.sys.mjs, line 83: TypeError: can't access property "delete", this[#authenticationAttemptsMap] is null
JavaScript error: resource://services-settings/RemoteSettingsClient.sys.mjs, line 101: Error: Unknown callback
1754472339622	mozrunner::runner	INFO	Running command: "C:\\Program Files\\Mozilla Firefox\\firefox.exe" "--marionette" "-headless" "--width=1920" "--height=1080"  ... 0" "--remote-allow-hosts" "localhost" "-no-remote" "-profile" "C:\\Users\\allal\\AppData\\Local\\Temp\\rust_mozprofilek0irQR"
*** You are running in headless mode.
console.warn: services.settings: Ignoring preference override of remote settings server
console.warn: services.settings: Allow by setting MOZ_REMOTE_SETTINGS_DEVTOOLS=1 in the environment
Dynamically enable window occlusion 0
1754472339974	Marionette	INFO	Marionette enabled
console.error: "Warning: unrecognized command line flag" "-width"
console.error: "Warning: unrecognized command line flag" "-height"
1754472340149	Marionette	INFO	Listening on port 60565
WebDriver BiDi listening on ws://127.0.0.1:60566
Read port: 60565
[GFX1-]: RenderCompositorSWGL failed mapping default framebuffer, no dt
console.error: [Exception... "Component returned failure code: 0x80070057 (NS_ERROR_ILLEGAL_VALUE) [nsIWinTaskbar.getTaskbarProgress]"  nsresult: "0x80070057 (NS_ERROR_ILLEGAL_VALUE)"  location: "JS frame :: resource:///modules/DownloadsTaskbar.sys.mjs :: _attachIndicator :: line 127"  data: no]
1754472341588	RemoteAgent	INFO	Perform WebSocket upgrade for incoming connection from 127.0.0.1:60580
1754472345769	Marionette	INFO	Stopped listening on port 60565
JavaScript error: chrome://remote/content/shared/NetworkDecodedBodySizeMap.sys.mjs, line 32: TypeError: can't access property "get", this[#channelIdToBodySizeMap] is null
JavaScript error: chrome://remote/content/shared/NetworkDecodedBodySizeMap.sys.mjs, line 32: TypeError: can't access property "get", this[#channelIdToBodySizeMap] is null
JavaScript error: chrome://remote/content/shared/NetworkDecodedBodySizeMap.sys.mjs, line 32: TypeError: can't access property "get", this[#channelIdToBodySizeMap] is null
JavaScript error: chrome://remote/content/shared/NetworkDecodedBodySizeMap.sys.mjs, line 32: TypeError: can't access property "get", this[#channelIdToBodySizeMap] is null
Dynamically enable window occlusion 1
JavaScript warning: https://js.intercomcdn.com/vendor.e3e428e6.js, line 2: Script terminated by timeout at:
@https://js.intercomcdn.com/vendor.e3e428e6.js:2:676629

JavaScript error: chrome://remote/content/shared/messagehandler/transports/js-window-actors/MessageHandlerFrameParent.sys.mjs, line 119: TypeError: can't access property "moduleCache", messageHandler is undefined
JavaScript error: chrome://remote/content/shared/messagehandler/transports/js-window-actors/MessageHandlerFrameParent.sys.mjs, line 119: TypeError: can't access property "moduleCache", messageHandler is undefined
JavaScript error: chrome://remote/content/shared/messagehandler/transports/js-window-actors/MessageHandlerFrameParent.sys.mjs, line 119: TypeError: can't access property "moduleCache", messageHandler is undefined
JavaScript error: chrome://remote/content/shared/messagehandler/transports/js-window-actors/MessageHandlerFrameParent.sys.mjs, line 119: TypeError: can't access property "moduleCache", messageHandler is undefined
console.error: "Failed to fetch https://ads.mozilla.org/v1/delete_user:" "NetworkError when attempting to fetch resource."
JavaScript error: chrome://remote/content/shared/NetworkDecodedBodySizeMap.sys.mjs, line 32: TypeError: can't access property "get", this[#channelIdToBodySizeMap] is null
console.warn: TopSitesFeed: Failed to fetch data from MARS server: NetworkError when attempting to fetch resource.
console.error: (new NotFoundError("No such JSProcessActor 'WebDriverProcessData'", (void 0), 23))
console.error: (new InvalidStateError("JSWindowActorChild.sendAsyncMessage: JSWindowActorChild cannot send at the moment", (void 0), 103))
console.error: (new InvalidStateError("JSWindowActorChild.sendAsyncMessage: JSWindowActorChild cannot send at the moment", (void 0), 103))
console.error: (new InvalidStateError("JSWindowActorChild.sendAsyncMessage: JSWindowActorChild cannot send at the moment", (void 0), 103))
console.error: (new InvalidStateError("JSWindowActorChild.sendAsyncMessage: JSWindowActorChild cannot send at the moment", (void 0), 103))
console.error: (new InvalidStateError("JSWindowActorChild.sendAsyncMessage: JSWindowActorChild cannot send at the moment", (void 0), 103))
console.error: (new InvalidStateError("JSWindowActorChild.sendAsyncMessage: JSWindowActorChild cannot send at the moment", (void 0), 103))
JavaScript error: resource://services-settings/RemoteSettingsClient.sys.mjs, line 101: Error: Unknown callback
1754472346869	mozrunner::runner	INFO	Running command: "C:\\Program Files\\Mozilla Firefox\\firefox.exe" "--marionette" "-headless" "--width=1920" "--height=1080"  ... 0" "--remote-allow-hosts" "localhost" "-no-remote" "-profile" "C:\\Users\\allal\\AppData\\Local\\Temp\\rust_mozprofile0WFSI9"
*** You are running in headless mode.
console.warn: services.settings: Ignoring preference override of remote settings server
console.warn: services.settings: Allow by setting MOZ_REMOTE_SETTINGS_DEVTOOLS=1 in the environment
Dynamically enable window occlusion 0
1754472347334	Marionette	INFO	Marionette enabled
console.error: "Warning: unrecognized command line flag" "-width"
console.error: "Warning: unrecognized command line flag" "-height"
1754472347531	Marionette	INFO	Listening on port 60635
WebDriver BiDi listening on ws://127.0.0.1:60638
Read port: 60635
[GFX1-]: RenderCompositorSWGL failed mapping default framebuffer, no dt
console.error: [Exception... "Component returned failure code: 0x80070057 (NS_ERROR_ILLEGAL_VALUE) [nsIWinTaskbar.getTaskbarProgress]"  nsresult: "0x80070057 (NS_ERROR_ILLEGAL_VALUE)"  location: "JS frame :: resource:///modules/DownloadsTaskbar.sys.mjs :: _attachIndicator :: line 127"  data: no]
1754472349006	RemoteAgent	INFO	Perform WebSocket upgrade for incoming connection from 127.0.0.1:60666
console.error: (new TypeError("WeakMap key undefined must be an object", "chrome://remote/content/shared/WindowManager.sys.mjs", 189))
console.error: (new TypeError("WeakMap key undefined must be an object", "chrome://remote/content/shared/WindowManager.sys.mjs", 189))
console.error: (new TypeError("WeakMap key undefined must be an object", "chrome://remote/content/shared/WindowManager.sys.mjs", 189))
console.error: (new TypeError("WeakMap key undefined must be an object", "chrome://remote/content/shared/WindowManager.sys.mjs", 189))
JavaScript error: chrome://remote/content/shared/Realm.sys.mjs, line 184: TypeError: argument is not a global object
JavaScript error: chrome://remote/content/shared/Realm.sys.mjs, line 184: TypeError: argument is not a global object
JavaScript error: chrome://remote/content/shared/Realm.sys.mjs, line 184: TypeError: argument is not a global object
1754472354145	RemoteAgent	WARN	Missing response info, network.responseCompleted will be skipped for URL: https://fonts.gstatic.com/s/googlesans/v58/4UaRrENHsxJlGDuGo1OIlJfC6l_24rlCK1Yo_Iq2ugCIhMl07v0xve4.woff2
1754472354146	RemoteAgent	WARN	Missing response info, network.responseCompleted will be skipped for URL: https://fonts.gstatic.com/s/googlesans/v58/4UaRrENHsxJlGDuGo1OIlJfC6l_24rlCK1Yo_Iq2ugCIhMl07v0xve4.woff2
1754472358377	Marionette	INFO	Stopped listening on port 60635
Dynamically enable window occlusion 1
console.error: "Failed to fetch https://ads.mozilla.org/v1/delete_user:" "NetworkError when attempting to fetch resource."
console.warn: TopSitesFeed: Failed to fetch data from MARS server: NetworkError when attempting to fetch resource.
JavaScript error: resource://services-settings/RemoteSettingsClient.sys.mjs, line 101: Error: Unknown callback
1754472359328	mozrunner::runner	INFO	Running command: "C:\\Program Files\\Mozilla Firefox\\firefox.exe" "--marionette" "-headless" "--width=1920" "--height=1080"  ... 0" "--remote-allow-hosts" "localhost" "-no-remote" "-profile" "C:\\Users\\allal\\AppData\\Local\\Temp\\rust_mozprofilenPdcmb"
*** You are running in headless mode.
console.warn: services.settings: Ignoring preference override of remote settings server
console.warn: services.settings: Allow by setting MOZ_REMOTE_SETTINGS_DEVTOOLS=1 in the environment
Dynamically enable window occlusion 0
1754472359731	Marionette	INFO	Marionette enabled
console.error: "Warning: unrecognized command line flag" "-width"
console.error: "Warning: unrecognized command line flag" "-height"
1754472359877	Marionette	INFO	Listening on port 60816
WebDriver BiDi listening on ws://127.0.0.1:60817
Read port: 60816
[GFX1-]: RenderCompositorSWGL failed mapping default framebuffer, no dt
console.error: [Exception... "Component returned failure code: 0x80070057 (NS_ERROR_ILLEGAL_VALUE) [nsIWinTaskbar.getTaskbarProgress]"  nsresult: "0x80070057 (NS_ERROR_ILLEGAL_VALUE)"  location: "JS frame :: resource:///modules/DownloadsTaskbar.sys.mjs :: _attachIndicator :: line 127"  data: no]
1754472361109	RemoteAgent	INFO	Perform WebSocket upgrade for incoming connection from 127.0.0.1:60825
console.error: (new InvalidStateError("JSWindowActorChild.sendAsyncMessage: JSWindowActorChild cannot send at the moment", (void 0), 103))
console.error: (new InvalidStateError("JSWindowActorChild.sendAsyncMessage: JSWindowActorChild cannot send at the moment", (void 0), 103))
console.error: (new InvalidStateError("JSWindowActorChild.sendAsyncMessage: JSWindowActorChild cannot send at the moment", (void 0), 103))
console.error: (new InvalidStateError("JSWindowActorChild.sendAsyncMessage: JSWindowActorChild cannot send at the moment", (void 0), 103))
1754472367063	Marionette	INFO	Stopped listening on port 60816
Dynamically enable window occlusion 1
JavaScript error: chrome://remote/content/shared/NetworkDecodedBodySizeMap.sys.mjs, line 32: TypeError: can't access property "get", this[#channelIdToBodySizeMap] is null
JavaScript error: chrome://remote/content/shared/NetworkDecodedBodySizeMap.sys.mjs, line 83: TypeError: can't access property "delete", this[#authenticationAttemptsMap] is null
JavaScript error: chrome://remote/content/shared/NetworkDecodedBodySizeMap.sys.mjs, line 83: TypeError: can't access property "delete", this[#authenticationAttemptsMap] is null
JavaScript error: chrome://remote/content/shared/NetworkDecodedBodySizeMap.sys.mjs, line 83: TypeError: can't access property "delete", this[#authenticationAttemptsMap] is null
console.error: "Failed to fetch https://ads.mozilla.org/v1/delete_user:" "NetworkError when attempting to fetch resource."
console.warn: TopSitesFeed: Failed to fetch data from MARS server: NetworkError when attempting to fetch resource.
JavaScript error: resource://services-settings/RemoteSettingsClient.sys.mjs, line 101: Error: Unknown callback
1754472368108	mozrunner::runner	INFO	Running command: "C:\\Program Files\\Mozilla Firefox\\firefox.exe" "--marionette" "-headless" "--width=1920" "--height=1080"  ... 0" "--remote-allow-hosts" "localhost" "-no-remote" "-profile" "C:\\Users\\allal\\AppData\\Local\\Temp\\rust_mozprofileSEGFTW"
*** You are running in headless mode.
console.warn: services.settings: Ignoring preference override of remote settings server
console.warn: services.settings: Allow by setting MOZ_REMOTE_SETTINGS_DEVTOOLS=1 in the environment
Dynamically enable window occlusion 0
1754472368442	Marionette	INFO	Marionette enabled
console.error: "Warning: unrecognized command line flag" "-width"
console.error: "Warning: unrecognized command line flag" "-height"
1754472368592	Marionette	INFO	Listening on port 60903
WebDriver BiDi listening on ws://127.0.0.1:60904
Read port: 60903
[GFX1-]: RenderCompositorSWGL failed mapping default framebuffer, no dt
console.error: [Exception... "Component returned failure code: 0x80070057 (NS_ERROR_ILLEGAL_VALUE) [nsIWinTaskbar.getTaskbarProgress]"  nsresult: "0x80070057 (NS_ERROR_ILLEGAL_VALUE)"  location: "JS frame :: resource:///modules/DownloadsTaskbar.sys.mjs :: _attachIndicator :: line 127"  data: no]
1754472369721	RemoteAgent	INFO	Perform WebSocket upgrade for incoming connection from 127.0.0.1:60915
1754472375631	Marionette	INFO	Stopped listening on port 60903
JavaScript error: chrome://remote/content/shared/NetworkDecodedBodySizeMap.sys.mjs, line 32: TypeError: can't access property "get", this[#channelIdToBodySizeMap] is null
Dynamically enable window occlusion 1
console.error: "Failed to fetch https://ads.mozilla.org/v1/delete_user:" "NetworkError when attempting to fetch resource."
console.warn: TopSitesFeed: Failed to fetch data from MARS server: NetworkError when attempting to fetch resource.
console.error: (new InvalidStateError("JSWindowActorChild.sendAsyncMessage: JSWindowActorChild cannot send at the moment", (void 0), 103))
console.error: (new InvalidStateError("JSWindowActorChild.sendAsyncMessage: JSWindowActorChild cannot send at the moment", (void 0), 103))
JavaScript error: resource://services-settings/RemoteSettingsClient.sys.mjs, line 101: Error: Unknown callback
1754472376906	mozrunner::runner	INFO	Running command: "C:\\Program Files\\Mozilla Firefox\\firefox.exe" "--marionette" "-headless" "--width=1920" "--height=1080"  ... 0" "--remote-allow-hosts" "localhost" "-no-remote" "-profile" "C:\\Users\\allal\\AppData\\Local\\Temp\\rust_mozprofilehjCSgA"
*** You are running in headless mode.
console.warn: services.settings: Ignoring preference override of remote settings server
console.warn: services.settings: Allow by setting MOZ_REMOTE_SETTINGS_DEVTOOLS=1 in the environment
Dynamically enable window occlusion 0
1754472377544	Marionette	INFO	Marionette enabled
console.error: "Warning: unrecognized command line flag" "-width"
console.error: "Warning: unrecognized command line flag" "-height"
1754472377811	Marionette	INFO	Listening on port 61071
WebDriver BiDi listening on ws://127.0.0.1:61081
Read port: 61071
[GFX1-]: RenderCompositorSWGL failed mapping default framebuffer, no dt
console.error: [Exception... "Component returned failure code: 0x80070057 (NS_ERROR_ILLEGAL_VALUE) [nsIWinTaskbar.getTaskbarProgress]"  nsresult: "0x80070057 (NS_ERROR_ILLEGAL_VALUE)"  location: "JS frame :: resource:///modules/DownloadsTaskbar.sys.mjs :: _attachIndicator :: line 127"  data: no]
1754472379881	RemoteAgent	INFO	Perform WebSocket upgrade for incoming connection from 127.0.0.1:61093
1754472385539	Marionette	INFO	Stopped listening on port 61071
JavaScript error: chrome://remote/content/shared/NetworkDecodedBodySizeMap.sys.mjs, line 32: TypeError: can't access property "get", this[#channelIdToBodySizeMap] is null
Dynamically enable window occlusion 1
console.error: "Failed to fetch https://ads.mozilla.org/v1/delete_user:" "NetworkError when attempting to fetch resource."
console.warn: TopSitesFeed: Failed to fetch data from MARS server: NetworkError when attempting to fetch resource.
console.error: (new InvalidStateError("JSWindowActorChild.sendAsyncMessage: JSWindowActorChild cannot send at the moment", (void 0), 103))
console.error: (new InvalidStateError("JSWindowActorChild.sendAsyncMessage: JSWindowActorChild cannot send at the moment", (void 0), 103))
JavaScript error: resource://services-settings/RemoteSettingsClient.sys.mjs, line 101: Error: Unknown callback
1754472386479	mozrunner::runner	INFO	Running command: "C:\\Program Files\\Mozilla Firefox\\firefox.exe" "--marionette" "-headless" "--width=1920" "--height=1080"  ... 0" "--remote-allow-hosts" "localhost" "-no-remote" "-profile" "C:\\Users\\allal\\AppData\\Local\\Temp\\rust_mozprofile257CBx"
*** You are running in headless mode.
console.warn: services.settings: Ignoring preference override of remote settings server
console.warn: services.settings: Allow by setting MOZ_REMOTE_SETTINGS_DEVTOOLS=1 in the environment
Dynamically enable window occlusion 0
1754472386894	Marionette	INFO	Marionette enabled
console.error: "Warning: unrecognized command line flag" "-width"
console.error: "Warning: unrecognized command line flag" "-height"
1754472387043	Marionette	INFO	Listening on port 61163
WebDriver BiDi listening on ws://127.0.0.1:61164
Read port: 61163
[GFX1-]: RenderCompositorSWGL failed mapping default framebuffer, no dt
console.error: [Exception... "Component returned failure code: 0x80070057 (NS_ERROR_ILLEGAL_VALUE) [nsIWinTaskbar.getTaskbarProgress]"  nsresult: "0x80070057 (NS_ERROR_ILLEGAL_VALUE)"  location: "JS frame :: resource:///modules/DownloadsTaskbar.sys.mjs :: _attachIndicator :: line 127"  data: no]
1754472388460	RemoteAgent	INFO	Perform WebSocket upgrade for incoming connection from 127.0.0.1:61177
