2025-08-06T11:37:20.797Z INFO @wdio/local-runner: Run worker command: run
2025-08-06T11:37:20.987Z INFO webdriver: Initiate new session using the WebDriver protocol
2025-08-06T11:37:21.203Z INFO geckodriver: Starting Geckodriver at C:\Users\allal\AppData\Local\Temp\geckodriver.exe with params: --port=61147 --allow-hosts=localhost --host=0.0.0.0 --websocket-port=0
2025-08-06T11:37:21.224Z INFO @wdio/utils: Started GeckoDriver in 31ms on port 61147
2025-08-06T11:37:21.226Z INFO webdriver: [POST] http://localhost:61147/session
2025-08-06T11:37:23.592Z INFO webdriver: Register BiDi handler for session with id 570c3565-028f-44d6-862b-9e54f1096616
2025-08-06T11:37:23.592Z INFO webdriver: Connecting to webSocketUrl ws://127.0.0.1:61154/session/570c3565-028f-44d6-862b-9e54f1096616
2025-08-06T11:37:23.609Z INFO webdriver: Connected to Bidi protocol at ws://127.0.0.1:61154/session/570c3565-028f-44d6-862b-9e54f1096616
2025-08-06T11:37:23.609Z INFO webdriver: Connected to WebDriver Bidi interface at ws://127.0.0.1:61154/session/570c3565-028f-44d6-862b-9e54f1096616
2025-08-06T11:37:23.610Z INFO webdriver: BIDI COMMAND session.subscribe {"events":["browsingContext.contextCreated"]}
2025-08-06T11:37:23.611Z INFO webdriver: BIDI COMMAND session.subscribe {"events":["log.entryAdded","browsingContext.navigationStarted"]}
2025-08-06T11:37:23.612Z INFO webdriver: BIDI COMMAND script.addPreloadScript { functionDeclaration: <PreloadScript[1319 bytes]>, contexts: undefined }
2025-08-06T11:37:23.612Z INFO webdriver: BIDI COMMAND session.subscribe {"events":["browsingContext.navigationStarted","browsingContext.fragmentNavigated","network.responseCompleted","network.beforeRequestSent","network.fetchError"]}
2025-08-06T11:37:23.613Z INFO webdriver: BIDI COMMAND session.subscribe {"events":["browsingContext.userPromptOpened"]}
2025-08-06T11:37:23.613Z INFO webdriver: BIDI COMMAND session.subscribe {"events":["browsingContext.navigationStarted"]}
2025-08-06T11:37:23.614Z INFO webdriver: COMMAND getWindowHandle()
2025-08-06T11:37:23.615Z INFO webdriver: BIDI COMMAND browsingContext.getTree {}
2025-08-06T11:37:23.615Z INFO webdriver: [GET] http://localhost:61147/session/570c3565-028f-44d6-862b-9e54f1096616/window
2025-08-06T11:37:23.644Z INFO webdriver: BIDI RESULT {"type":"success","id":6,"result":{"subscription":"e829883d-f391-4abc-8dfa-13b744d66b74"}}
2025-08-06T11:37:23.645Z INFO webdriver: BIDI RESULT {"type":"success","id":7,"result":{"contexts":[{"children":[],"context":"c8cf17de-cdbe-4eda-aada-f1ee387ae280","originalOpener":null,"url":"about:blank","userContext":"default","clientWindow":"4540810d-6ec8-4678-aeeb-af5db571c984","parent":null}]}}
2025-08-06T11:37:23.645Z INFO webdriverio:PolyfillManager: Adding polyfill script to context with id c8cf17de-cdbe-4eda-aada-f1ee387ae280
2025-08-06T11:37:23.645Z INFO webdriver: BIDI COMMAND script.callFunction {"functionDeclaration":"<Function[443 bytes] webdriverioPolyfill>","target":{"children":[],"context":"c8cf17de-cdbe-4eda-aada-f1ee387ae280","originalOpener":null,"url":"about:blank","userContext":"default","clientWindow":"4540810d-6ec8-4678-aeeb-af5db571c984","parent":null},"awaitPromise":false}
2025-08-06T11:37:23.645Z INFO webdriver: BIDI COMMAND script.addPreloadScript { functionDeclaration: <PreloadScript[443 bytes]>, contexts: ["c8cf17de-cdbe-4eda-aada-f1ee387ae280"] }
2025-08-06T11:37:23.646Z INFO webdriver: BIDI RESULT {"type":"success","id":1,"result":{"subscription":"913a0b88-d104-40ef-a5d4-6e9fb9acb83b"}}
2025-08-06T11:37:23.646Z INFO webdriver: BIDI RESULT {"type":"success","id":2,"result":{"subscription":"220cb6a3-26d4-41c1-b2d1-f066e0591195"}}
2025-08-06T11:37:23.646Z INFO webdriver: BIDI RESULT {"type":"success","id":3,"result":{"script":"0dcacf4e-2300-40c3-bd22-abd2627524cf"}}
2025-08-06T11:37:23.646Z INFO webdriver: BIDI RESULT {"type":"success","id":4,"result":{"subscription":"fe39be4e-6a26-4daf-9ae4-6724eb6801ae"}}
2025-08-06T11:37:23.646Z INFO webdriver: BIDI RESULT {"type":"success","id":5,"result":{"subscription":"3cb23563-07d0-4523-a2e5-4604dae1e955"}}
2025-08-06T11:37:23.651Z INFO webdriver: RESULT c8cf17de-cdbe-4eda-aada-f1ee387ae280
2025-08-06T11:37:23.652Z INFO webdriver: BIDI RESULT {"type":"success","id":8,"result":{"realm":"bfcbc861-1291-419f-84b4-d7a38c7b072a","type":"success","result":{"type":"undefined"}}}
2025-08-06T11:37:23.652Z INFO webdriver: BIDI RESULT {"type":"success","id":9,"result":{"script":"0c2c2f4a-8bcc-4df7-8380-1b21236740d2"}}
2025-08-06T11:37:23.662Z INFO webdriver: COMMAND deleteSession(<object>)
2025-08-06T11:37:23.662Z INFO webdriver: [DELETE] http://localhost:61147/session/570c3565-028f-44d6-862b-9e54f1096616
2025-08-06T11:37:23.663Z INFO webdriver: DATA { deleteSessionOpts: { shutdownDriver: false } }
2025-08-06T11:37:24.603Z INFO webdriver: RESULT null
2025-08-06T11:37:24.603Z INFO webdriver: Close Bidi connection to ws://127.0.0.1:61154/session/570c3565-028f-44d6-862b-9e54f1096616
