2025-08-06T11:38:09.745Z INFO @wdio/local-runner: Run worker command: run
2025-08-06T11:38:09.926Z INFO webdriver: Initiate new session using the WebDriver protocol
2025-08-06T11:38:10.135Z INFO geckodriver: Starting Geckodriver at C:\Users\allal\AppData\Local\Temp\geckodriver.exe with params: --port=61503 --allow-hosts=localhost --host=0.0.0.0 --websocket-port=0
2025-08-06T11:38:10.156Z INFO @wdio/utils: Started GeckoDriver in 32ms on port 61503
2025-08-06T11:38:10.158Z INFO webdriver: [POST] http://localhost:61503/session
2025-08-06T11:38:12.563Z INFO webdriver: Register BiDi handler for session with id 630dbe72-a7ba-485d-bacf-696a7b348ac9
2025-08-06T11:38:12.564Z INFO webdriver: Connecting to webSocketUrl ws://127.0.0.1:61509/session/630dbe72-a7ba-485d-bacf-696a7b348ac9
2025-08-06T11:38:12.581Z INFO webdriver: Connected to Bidi protocol at ws://127.0.0.1:61509/session/630dbe72-a7ba-485d-bacf-696a7b348ac9
2025-08-06T11:38:12.582Z INFO webdriver: Connected to WebDriver Bidi interface at ws://127.0.0.1:61509/session/630dbe72-a7ba-485d-bacf-696a7b348ac9
2025-08-06T11:38:12.583Z INFO webdriver: BIDI COMMAND session.subscribe {"events":["browsingContext.contextCreated"]}
2025-08-06T11:38:12.584Z INFO webdriver: BIDI COMMAND session.subscribe {"events":["log.entryAdded","browsingContext.navigationStarted"]}
2025-08-06T11:38:12.585Z INFO webdriver: BIDI COMMAND script.addPreloadScript { functionDeclaration: <PreloadScript[1319 bytes]>, contexts: undefined }
2025-08-06T11:38:12.586Z INFO webdriver: BIDI COMMAND session.subscribe {"events":["browsingContext.navigationStarted","browsingContext.fragmentNavigated","network.responseCompleted","network.beforeRequestSent","network.fetchError"]}
2025-08-06T11:38:12.586Z INFO webdriver: BIDI COMMAND session.subscribe {"events":["browsingContext.userPromptOpened"]}
2025-08-06T11:38:12.587Z INFO webdriver: BIDI COMMAND session.subscribe {"events":["browsingContext.navigationStarted"]}
2025-08-06T11:38:12.589Z INFO webdriver: COMMAND getWindowHandle()
2025-08-06T11:38:12.589Z INFO webdriver: BIDI COMMAND browsingContext.getTree {}
2025-08-06T11:38:12.590Z INFO webdriver: [GET] http://localhost:61503/session/630dbe72-a7ba-485d-bacf-696a7b348ac9/window
2025-08-06T11:38:12.622Z INFO webdriver: BIDI RESULT {"type":"success","id":6,"result":{"subscription":"a18b60b1-e603-45ce-af47-88de54ba345d"}}
2025-08-06T11:38:12.623Z INFO webdriver: BIDI RESULT {"type":"success","id":7,"result":{"contexts":[{"children":[],"context":"0748e918-c860-43aa-acee-ea40cba28c18","originalOpener":null,"url":"about:blank","userContext":"default","clientWindow":"0ab4004e-fd53-4876-8baf-f3e7cc2db874","parent":null}]}}
2025-08-06T11:38:12.623Z INFO webdriverio:PolyfillManager: Adding polyfill script to context with id 0748e918-c860-43aa-acee-ea40cba28c18
2025-08-06T11:38:12.623Z INFO webdriver: BIDI COMMAND script.callFunction {"functionDeclaration":"<Function[443 bytes] webdriverioPolyfill>","target":{"children":[],"context":"0748e918-c860-43aa-acee-ea40cba28c18","originalOpener":null,"url":"about:blank","userContext":"default","clientWindow":"0ab4004e-fd53-4876-8baf-f3e7cc2db874","parent":null},"awaitPromise":false}
2025-08-06T11:38:12.624Z INFO webdriver: BIDI COMMAND script.addPreloadScript { functionDeclaration: <PreloadScript[443 bytes]>, contexts: ["0748e918-c860-43aa-acee-ea40cba28c18"] }
2025-08-06T11:38:12.624Z INFO webdriver: BIDI RESULT {"type":"success","id":1,"result":{"subscription":"c23d81c0-c454-4d37-a440-b9184ebff5b0"}}
2025-08-06T11:38:12.624Z INFO webdriver: BIDI RESULT {"type":"success","id":2,"result":{"subscription":"a2cd4fbd-1503-44d7-8138-e693ce0c83da"}}
2025-08-06T11:38:12.624Z INFO webdriver: BIDI RESULT {"type":"success","id":3,"result":{"script":"3120936d-2321-4302-8bd7-393b22010545"}}
2025-08-06T11:38:12.624Z INFO webdriver: BIDI RESULT {"type":"success","id":4,"result":{"subscription":"de3a71c2-1943-4b5d-9bf9-c022f6bbfc7b"}}
2025-08-06T11:38:12.625Z INFO webdriver: BIDI RESULT {"type":"success","id":5,"result":{"subscription":"cffbb3a2-d1a6-493f-939c-7dc28a2830d7"}}
2025-08-06T11:38:12.630Z INFO webdriver: RESULT 0748e918-c860-43aa-acee-ea40cba28c18
2025-08-06T11:38:12.631Z INFO webdriver: BIDI RESULT {"type":"success","id":8,"result":{"realm":"8895b82b-cd9f-4d3e-899c-57f2affc276b","type":"success","result":{"type":"undefined"}}}
2025-08-06T11:38:12.631Z INFO webdriver: BIDI RESULT {"type":"success","id":9,"result":{"script":"f7a0b5f8-01bc-4a81-b63f-d4de08a803fe"}}
2025-08-06T11:38:12.643Z INFO webdriver: COMMAND deleteSession(<object>)
2025-08-06T11:38:12.643Z INFO webdriver: [DELETE] http://localhost:61503/session/630dbe72-a7ba-485d-bacf-696a7b348ac9
2025-08-06T11:38:12.644Z INFO webdriver: DATA { deleteSessionOpts: { shutdownDriver: false } }
2025-08-06T11:38:13.535Z INFO webdriver: RESULT null
2025-08-06T11:38:13.536Z INFO webdriver: Close Bidi connection to ws://127.0.0.1:61509/session/630dbe72-a7ba-485d-bacf-696a7b348ac9
