2025-08-06T11:37:52.592Z INFO @wdio/local-runner: Run worker command: run
2025-08-06T11:37:52.780Z INFO webdriver: Initiate new session using the WebDriver protocol
2025-08-06T11:37:52.992Z INFO geckodriver: Starting Geckodriver at C:\Users\allal\AppData\Local\Temp\geckodriver.exe with params: --port=61352 --allow-hosts=localhost --host=0.0.0.0 --websocket-port=0
2025-08-06T11:37:53.013Z INFO @wdio/utils: Started GeckoDriver in 31ms on port 61352
2025-08-06T11:37:53.015Z INFO webdriver: [POST] http://localhost:61352/session
2025-08-06T11:37:55.357Z INFO webdriver: Register BiDi handler for session with id 36cc74b8-0efa-47cd-9c1b-8014ee644725
2025-08-06T11:37:55.357Z INFO webdriver: Connecting to webSocketUrl ws://127.0.0.1:61358/session/36cc74b8-0efa-47cd-9c1b-8014ee644725
2025-08-06T11:37:55.375Z INFO webdriver: Connected to Bidi protocol at ws://127.0.0.1:61358/session/36cc74b8-0efa-47cd-9c1b-8014ee644725
2025-08-06T11:37:55.376Z INFO webdriver: Connected to WebDriver Bidi interface at ws://127.0.0.1:61358/session/36cc74b8-0efa-47cd-9c1b-8014ee644725
2025-08-06T11:37:55.377Z INFO webdriver: BIDI COMMAND session.subscribe {"events":["browsingContext.contextCreated"]}
2025-08-06T11:37:55.378Z INFO webdriver: BIDI COMMAND session.subscribe {"events":["log.entryAdded","browsingContext.navigationStarted"]}
2025-08-06T11:37:55.379Z INFO webdriver: BIDI COMMAND script.addPreloadScript { functionDeclaration: <PreloadScript[1319 bytes]>, contexts: undefined }
2025-08-06T11:37:55.379Z INFO webdriver: BIDI COMMAND session.subscribe {"events":["browsingContext.navigationStarted","browsingContext.fragmentNavigated","network.responseCompleted","network.beforeRequestSent","network.fetchError"]}
2025-08-06T11:37:55.380Z INFO webdriver: BIDI COMMAND session.subscribe {"events":["browsingContext.userPromptOpened"]}
2025-08-06T11:37:55.380Z INFO webdriver: BIDI COMMAND session.subscribe {"events":["browsingContext.navigationStarted"]}
2025-08-06T11:37:55.381Z INFO webdriver: COMMAND getWindowHandle()
2025-08-06T11:37:55.381Z INFO webdriver: BIDI COMMAND browsingContext.getTree {}
2025-08-06T11:37:55.382Z INFO webdriver: [GET] http://localhost:61352/session/36cc74b8-0efa-47cd-9c1b-8014ee644725/window
2025-08-06T11:37:55.410Z INFO webdriver: BIDI RESULT {"type":"success","id":6,"result":{"subscription":"ccaa28a6-0938-45d5-961e-04fb889f9863"}}
2025-08-06T11:37:55.411Z INFO webdriver: BIDI RESULT {"type":"success","id":7,"result":{"contexts":[{"children":[],"context":"69fbeafb-b2db-40c9-b98f-ecf8884b6f61","originalOpener":null,"url":"about:blank","userContext":"default","clientWindow":"59d8b5ad-d677-4895-8524-f92af388fd14","parent":null}]}}
2025-08-06T11:37:55.411Z INFO webdriverio:PolyfillManager: Adding polyfill script to context with id 69fbeafb-b2db-40c9-b98f-ecf8884b6f61
2025-08-06T11:37:55.411Z INFO webdriver: BIDI COMMAND script.callFunction {"functionDeclaration":"<Function[443 bytes] webdriverioPolyfill>","target":{"children":[],"context":"69fbeafb-b2db-40c9-b98f-ecf8884b6f61","originalOpener":null,"url":"about:blank","userContext":"default","clientWindow":"59d8b5ad-d677-4895-8524-f92af388fd14","parent":null},"awaitPromise":false}
2025-08-06T11:37:55.411Z INFO webdriver: BIDI COMMAND script.addPreloadScript { functionDeclaration: <PreloadScript[443 bytes]>, contexts: ["69fbeafb-b2db-40c9-b98f-ecf8884b6f61"] }
2025-08-06T11:37:55.412Z INFO webdriver: BIDI RESULT {"type":"success","id":1,"result":{"subscription":"22760d99-7696-4c79-9c4d-cd37bca33255"}}
2025-08-06T11:37:55.413Z INFO webdriver: BIDI RESULT {"type":"success","id":2,"result":{"subscription":"d2a36022-4b34-46a8-a0cf-2e7c54caf027"}}
2025-08-06T11:37:55.413Z INFO webdriver: BIDI RESULT {"type":"success","id":3,"result":{"script":"fcbbe919-bc7a-4f9a-8766-ab2f14016dec"}}
2025-08-06T11:37:55.414Z INFO webdriver: BIDI RESULT {"type":"success","id":4,"result":{"subscription":"c0998468-7ada-4d7e-a8ad-9adafa04f81e"}}
2025-08-06T11:37:55.415Z INFO webdriver: BIDI RESULT {"type":"success","id":5,"result":{"subscription":"b7487536-f20d-46ab-896e-596981bebf86"}}
2025-08-06T11:37:55.420Z INFO webdriver: RESULT 69fbeafb-b2db-40c9-b98f-ecf8884b6f61
2025-08-06T11:37:55.421Z INFO webdriver: BIDI RESULT {"type":"success","id":8,"result":{"realm":"36ede31c-887e-4bcd-bc5d-6c4188931ac2","type":"success","result":{"type":"undefined"}}}
2025-08-06T11:37:55.421Z INFO webdriver: BIDI RESULT {"type":"success","id":9,"result":{"script":"d013c8b5-64a8-4b64-bb0f-f52b29964a10"}}
2025-08-06T11:37:55.433Z INFO webdriver: COMMAND deleteSession(<object>)
2025-08-06T11:37:55.433Z INFO webdriver: [DELETE] http://localhost:61352/session/36cc74b8-0efa-47cd-9c1b-8014ee644725
2025-08-06T11:37:55.433Z INFO webdriver: DATA { deleteSessionOpts: { shutdownDriver: false } }
2025-08-06T11:37:56.341Z INFO webdriver: RESULT null
2025-08-06T11:37:56.341Z INFO webdriver: Close Bidi connection to ws://127.0.0.1:61358/session/36cc74b8-0efa-47cd-9c1b-8014ee644725
