2025-08-07T03:20:24.220Z INFO @wdio/local-runner: Run worker command: run
2025-08-07T03:20:24.645Z INFO webdriver: Initiate new session using the WebDriver protocol
2025-08-07T03:20:25.036Z INFO webdriver: Using Chromedriver v138.0.7204.184 from cache directory C:\Users\allal\AppData\Local\Temp
2025-08-07T03:20:25.239Z INFO @wdio/utils: Started Chromedriver v138.0.7204.184 with params --port=49502 --allowed-origins=* --allowed-ips=0.0.0.0 in 220ms on port 49502
2025-08-07T03:20:25.245Z INFO webdriver: [POST] http://localhost:49502/session
2025-08-07T03:20:27.183Z INFO webdriver: Register BiDi handler for session with id 094007ec2a95b7ad3dc4e282bda8c2d0
2025-08-07T03:20:27.183Z INFO webdriver: Connecting to webSocketUrl ws://127.0.0.1:49502/session/094007ec2a95b7ad3dc4e282bda8c2d0
2025-08-07T03:20:27.206Z INFO webdriver: Connected to Bidi protocol at ws://127.0.0.1:49502/session/094007ec2a95b7ad3dc4e282bda8c2d0
2025-08-07T03:20:27.207Z INFO webdriver: Connected to WebDriver Bidi interface at ws://127.0.0.1:49502/session/094007ec2a95b7ad3dc4e282bda8c2d0
2025-08-07T03:20:27.208Z INFO webdriver: BIDI COMMAND session.subscribe {"events":["browsingContext.contextCreated"]}
2025-08-07T03:20:27.210Z INFO webdriver: BIDI COMMAND session.subscribe {"events":["log.entryAdded","browsingContext.navigationStarted"]}
2025-08-07T03:20:27.210Z INFO webdriver: BIDI COMMAND script.addPreloadScript { functionDeclaration: <PreloadScript[1319 bytes]>, contexts: undefined }
2025-08-07T03:20:27.211Z INFO webdriver: BIDI COMMAND session.subscribe {"events":["browsingContext.navigationStarted","browsingContext.fragmentNavigated","network.responseCompleted","network.beforeRequestSent","network.fetchError"]}
2025-08-07T03:20:27.211Z INFO webdriver: BIDI COMMAND session.subscribe {"events":["browsingContext.userPromptOpened"]}
2025-08-07T03:20:27.212Z INFO webdriver: BIDI COMMAND session.subscribe {"events":["browsingContext.navigationStarted"]}
2025-08-07T03:20:27.213Z INFO webdriver: COMMAND getWindowHandle()
2025-08-07T03:20:27.213Z INFO webdriver: BIDI COMMAND browsingContext.getTree {}
2025-08-07T03:20:27.213Z INFO webdriver: [GET] http://localhost:49502/session/094007ec2a95b7ad3dc4e282bda8c2d0/window
2025-08-07T03:20:27.220Z INFO webdriver: RESULT AA294597A1A1D75D32E72B9FD74CD853
2025-08-07T03:20:27.228Z INFO webdriverio:PolyfillManager: Adding polyfill script to context with id AA294597A1A1D75D32E72B9FD74CD853
2025-08-07T03:20:27.228Z INFO webdriver: BIDI COMMAND script.callFunction {"functionDeclaration":"<Function[443 bytes] webdriverioPolyfill>","target":{"children":null,"clientWindow":"1206857473","context":"AA294597A1A1D75D32E72B9FD74CD853","originalOpener":null,"parent":null,"url":"about:blank","userContext":"default"},"awaitPromise":false}
2025-08-07T03:20:27.228Z INFO webdriver: BIDI COMMAND script.addPreloadScript { functionDeclaration: <PreloadScript[443 bytes]>, contexts: ["AA294597A1A1D75D32E72B9FD74CD853"] }
2025-08-07T03:20:27.229Z INFO webdriver: BIDI RESULT {"id":1,"result":{"subscription":"2fa61540-fab3-4bfc-9a20-a44f7a8f47a3"},"type":"success"}
2025-08-07T03:20:27.230Z INFO webdriver: BIDI RESULT {"id":2,"result":{"subscription":"c43e28d4-8f3a-49e7-b27d-e8be208241db"},"type":"success"}
2025-08-07T03:20:27.230Z INFO webdriver: BIDI RESULT {"id":4,"result":{"subscription":"beec5c22-77cc-4172-a386-0de97247022b"},"type":"success"}
2025-08-07T03:20:27.231Z INFO webdriver: BIDI RESULT {"id":5,"result":{"subscription":"234a2e88-1351-4f32-81f8-e38d72ed90e5"},"type":"success"}
2025-08-07T03:20:27.231Z INFO webdriver: BIDI RESULT {"id":6,"result":{"subscription":"796357b8-75ab-4584-958b-e9466fbd8758"},"type":"success"}
2025-08-07T03:20:27.232Z INFO webdriver: BIDI RESULT {"id":7,"result":{"contexts":[{"children":[],"clientWindow":"1206857473","context":"AA294597A1A1D75D32E72B9FD74CD853","originalOpener":null,"parent":null,"url":"about:blank","userContext":"default"}]},"type":"success"}
2025-08-07T03:20:27.241Z INFO webdriver: BIDI RESULT {"id":3,"result":{"script":"1e86a30b-ebaa-4db6-a8b2-da299cb61a55"},"type":"success"}
2025-08-07T03:20:27.244Z INFO webdriver: COMMAND deleteSession(<object>)
2025-08-07T03:20:27.244Z INFO webdriver: [DELETE] http://localhost:49502/session/094007ec2a95b7ad3dc4e282bda8c2d0
2025-08-07T03:20:27.244Z INFO webdriver: DATA { deleteSessionOpts: { shutdownDriver: false } }
2025-08-07T03:20:27.247Z INFO webdriver: BIDI RESULT {"id":8,"result":{"realm":"5512175780113292696.-1509863676586999869","result":{"type":"undefined"},"type":"success"},"type":"success"}
2025-08-07T03:20:27.247Z INFO webdriver: BIDI RESULT {"id":9,"result":{"script":"92847cd6-f294-499d-98d4-65185c1883d4"},"type":"success"}
2025-08-07T03:20:27.289Z INFO webdriver: RESULT null
2025-08-07T03:20:27.290Z INFO webdriver: Close Bidi connection to ws://127.0.0.1:49502/session/094007ec2a95b7ad3dc4e282bda8c2d0
