2025-08-06T11:33:57.223Z INFO @wdio/local-runner: Run worker command: run
2025-08-06T11:33:57.422Z INFO webdriver: Initiate new session using the WebDriver protocol
2025-08-06T11:33:57.639Z INFO geckodriver: Starting Geckodriver at C:\Users\allal\AppData\Local\Temp\geckodriver.exe with params: --port=59285 --allow-hosts=localhost --host=0.0.0.0 --websocket-port=0
2025-08-06T11:33:57.661Z INFO @wdio/utils: Started GeckoDriver in 33ms on port 59285
2025-08-06T11:33:57.663Z INFO webdriver: [POST] http://localhost:59285/session
2025-08-06T11:34:00.044Z INFO webdriver: Register BiDi handler for session with id 0550aa05-04c4-452e-9bb1-5650fbaf4397
2025-08-06T11:34:00.045Z INFO webdriver: Connecting to webSocketUrl ws://127.0.0.1:59291/session/0550aa05-04c4-452e-9bb1-5650fbaf4397
2025-08-06T11:34:00.068Z INFO webdriver: Connected to Bidi protocol at ws://127.0.0.1:59291/session/0550aa05-04c4-452e-9bb1-5650fbaf4397
2025-08-06T11:34:00.068Z INFO webdriver: Connected to WebDriver Bidi interface at ws://127.0.0.1:59291/session/0550aa05-04c4-452e-9bb1-5650fbaf4397
2025-08-06T11:34:00.069Z INFO webdriver: BIDI COMMAND session.subscribe {"events":["browsingContext.contextCreated"]}
2025-08-06T11:34:00.071Z INFO webdriver: BIDI COMMAND session.subscribe {"events":["log.entryAdded","browsingContext.navigationStarted"]}
2025-08-06T11:34:00.071Z INFO webdriver: BIDI COMMAND script.addPreloadScript { functionDeclaration: <PreloadScript[1319 bytes]>, contexts: undefined }
2025-08-06T11:34:00.072Z INFO webdriver: BIDI COMMAND session.subscribe {"events":["browsingContext.navigationStarted","browsingContext.fragmentNavigated","network.responseCompleted","network.beforeRequestSent","network.fetchError"]}
2025-08-06T11:34:00.073Z INFO webdriver: BIDI COMMAND session.subscribe {"events":["browsingContext.userPromptOpened"]}
2025-08-06T11:34:00.073Z INFO webdriver: BIDI COMMAND session.subscribe {"events":["browsingContext.navigationStarted"]}
2025-08-06T11:34:00.075Z INFO webdriver: COMMAND getWindowHandle()
2025-08-06T11:34:00.076Z INFO webdriver: BIDI COMMAND browsingContext.getTree {}
2025-08-06T11:34:00.076Z INFO webdriver: [GET] http://localhost:59285/session/0550aa05-04c4-452e-9bb1-5650fbaf4397/window
2025-08-06T11:34:00.109Z INFO webdriver: BIDI RESULT {"type":"success","id":6,"result":{"subscription":"03d404f0-2e48-489f-8ba9-e99b277bfe4a"}}
2025-08-06T11:34:00.110Z INFO webdriver: BIDI RESULT {"type":"success","id":7,"result":{"contexts":[{"children":[],"context":"64e509e9-1c02-4ed0-a47f-aeba5d2143b9","originalOpener":null,"url":"about:blank","userContext":"default","clientWindow":"45591fa2-df1e-4fa4-b547-0305d526278a","parent":null}]}}
2025-08-06T11:34:00.110Z INFO webdriverio:PolyfillManager: Adding polyfill script to context with id 64e509e9-1c02-4ed0-a47f-aeba5d2143b9
2025-08-06T11:34:00.111Z INFO webdriver: BIDI COMMAND script.callFunction {"functionDeclaration":"<Function[443 bytes] webdriverioPolyfill>","target":{"children":[],"context":"64e509e9-1c02-4ed0-a47f-aeba5d2143b9","originalOpener":null,"url":"about:blank","userContext":"default","clientWindow":"45591fa2-df1e-4fa4-b547-0305d526278a","parent":null},"awaitPromise":false}
2025-08-06T11:34:00.111Z INFO webdriver: BIDI COMMAND script.addPreloadScript { functionDeclaration: <PreloadScript[443 bytes]>, contexts: ["64e509e9-1c02-4ed0-a47f-aeba5d2143b9"] }
2025-08-06T11:34:00.112Z INFO webdriver: BIDI RESULT {"type":"success","id":1,"result":{"subscription":"05075fab-ea4c-4298-8fba-b3fc612dbaa9"}}
2025-08-06T11:34:00.112Z INFO webdriver: BIDI RESULT {"type":"success","id":2,"result":{"subscription":"feb1ef53-debb-42f7-8422-79584a319a56"}}
2025-08-06T11:34:00.112Z INFO webdriver: BIDI RESULT {"type":"success","id":3,"result":{"script":"05da96a2-17f2-4931-ad1d-7411216a6c2e"}}
2025-08-06T11:34:00.112Z INFO webdriver: BIDI RESULT {"type":"success","id":4,"result":{"subscription":"3b1f44ac-2443-4396-867a-02869d3ec879"}}
2025-08-06T11:34:00.112Z INFO webdriver: BIDI RESULT {"type":"success","id":5,"result":{"subscription":"83ce7dc8-c6ae-4ec2-bb6b-25542ff8acaf"}}
2025-08-06T11:34:00.115Z INFO webdriver: RESULT 64e509e9-1c02-4ed0-a47f-aeba5d2143b9
2025-08-06T11:34:00.118Z INFO webdriver: BIDI RESULT {"type":"success","id":8,"result":{"realm":"aba3774b-c3f5-4bc6-bcb0-3d47814f326c","type":"success","result":{"type":"undefined"}}}
2025-08-06T11:34:00.118Z INFO webdriver: BIDI RESULT {"type":"success","id":9,"result":{"script":"552c1ecf-7408-4758-b732-47d4cdacdc84"}}
2025-08-06T11:34:00.128Z INFO webdriver: COMMAND deleteSession(<object>)
2025-08-06T11:34:00.129Z INFO webdriver: [DELETE] http://localhost:59285/session/0550aa05-04c4-452e-9bb1-5650fbaf4397
2025-08-06T11:34:00.129Z INFO webdriver: DATA { deleteSessionOpts: { shutdownDriver: false } }
2025-08-06T11:34:00.963Z INFO webdriver: RESULT null
2025-08-06T11:34:00.963Z INFO webdriver: Close Bidi connection to ws://127.0.0.1:59291/session/0550aa05-04c4-452e-9bb1-5650fbaf4397
